<?xml version="1.0" encoding="UTF-8"?>
<testsuite name="test.MoneyTransferTest" tests="2" skipped="0" failures="1" errors="0" timestamp="2023-08-23T07:29:43" hostname="DESKTOP-IVBKA0S" time="25.811">
  <properties/>
  <testcase name="shouldTransferFromFirstToSecond()" classname="test.MoneyTransferTest" time="7.195"/>
  <testcase name="shouldGetErrormessageIfAbountMore()" classname="test.MoneyTransferTest" time="18.615">
    <failure message="Element not found {[data-test-id='error-message']}&#13;&#10;Expected: exact text &quot;Выполнена попытка перевода суммы, превышающей остаток на карте списания&quot;&#13;&#10;Screenshot: file:/D:/API/BDD_Page_Objects/build/reports/tests/1692775808677.0.png&#13;&#10;Page source: file:/D:/API/BDD_Page_Objects/build/reports/tests/1692775808677.0.html&#13;&#10;Timeout: 15 s.&#13;&#10;Caused by: NoSuchElementException: no such element: Unable to locate element: {&quot;method&quot;:&quot;css selector&quot;,&quot;selector&quot;:&quot;[data-test-id='error-message']&quot;}" type="com.codeborne.selenide.ex.ElementNotFound">Element not found {[data-test-id='error-message']}
Expected: exact text &quot;Выполнена попытка перевода суммы, превышающей остаток на карте списания&quot;
Screenshot: file:/D:/API/BDD_Page_Objects/build/reports/tests/1692775808677.0.png
Page source: file:/D:/API/BDD_Page_Objects/build/reports/tests/1692775808677.0.html
Timeout: 15 s.
Caused by: NoSuchElementException: no such element: Unable to locate element: {&quot;method&quot;:&quot;css selector&quot;,&quot;selector&quot;:&quot;[data-test-id='error-message']&quot;}
	at app//com.codeborne.selenide.impl.WebElementSource.createElementNotFoundError(WebElementSource.java:91)
	at app//com.codeborne.selenide.impl.ElementFinder.createElementNotFoundError(ElementFinder.java:142)
	at app//com.codeborne.selenide.impl.WebElementSource.handleError(WebElementSource.java:143)
	at app//com.codeborne.selenide.impl.WebElementSource.checkConditionAndReturnElement(WebElementSource.java:127)
	at app//com.codeborne.selenide.impl.WebElementSource.checkCondition(WebElementSource.java:104)
	at app//com.codeborne.selenide.commands.Should.execute(Should.java:30)
	at app//com.codeborne.selenide.commands.Should.execute(Should.java:14)
	at app//com.codeborne.selenide.commands.Commands.execute(Commands.java:163)
	at app//com.codeborne.selenide.impl.SelenideElementProxy.dispatchAndRetry(SelenideElementProxy.java:132)
	at app//com.codeborne.selenide.impl.SelenideElementProxy.invoke(SelenideElementProxy.java:84)
	at app//com.sun.proxy.$Proxy17.shouldHave(Unknown Source)
	at app//page.TransferPage.findErrorMessage(TransferPage.java:34)
	at app//test.MoneyTransferTest.shouldGetErrormessageIfAbountMore(MoneyTransferTest.java:50)
	at java.base@11.0.19/jdk.internal.reflect.NativeMethodAccessorImpl.invoke0(Native Method)
	at java.base@11.0.19/jdk.internal.reflect.NativeMethodAccessorImpl.invoke(NativeMethodAccessorImpl.java:62)
	at java.base@11.0.19/jdk.internal.reflect.DelegatingMethodAccessorImpl.invoke(DelegatingMethodAccessorImpl.java:43)
	at java.base@11.0.19/java.lang.reflect.Method.invoke(Method.java:566)
	at app//org.junit.platform.commons.util.ReflectionUtils.invokeMethod(ReflectionUtils.java:688)
	at app//org.junit.jupiter.engine.execution.MethodInvocation.proceed(MethodInvocation.java:60)
	at app//org.junit.jupiter.engine.execution.InvocationInterceptorChain$ValidatingInvocation.proceed(InvocationInterceptorChain.java:131)
	at app//org.junit.jupiter.engine.extension.TimeoutExtension.intercept(TimeoutExtension.java:149)
	at app//org.junit.jupiter.engine.extension.TimeoutExtension.interceptTestableMethod(TimeoutExtension.java:140)
	at app//org.junit.jupiter.engine.extension.TimeoutExtension.interceptTestMethod(TimeoutExtension.java:84)
	at app//org.junit.jupiter.engine.execution.ExecutableInvoker$ReflectiveInterceptorCall.lambda$ofVoidMethod$0(ExecutableInvoker.java:115)
	at app//org.junit.jupiter.engine.execution.ExecutableInvoker.lambda$invoke$0(ExecutableInvoker.java:105)
	at app//org.junit.jupiter.engine.execution.InvocationInterceptorChain$InterceptedInvocation.proceed(InvocationInterceptorChain.java:106)
	at app//org.junit.jupiter.engine.execution.InvocationInterceptorChain.proceed(InvocationInterceptorChain.java:64)
	at app//org.junit.jupiter.engine.execution.InvocationInterceptorChain.chainAndInvoke(InvocationInterceptorChain.java:45)
	at app//org.junit.jupiter.engine.execution.InvocationInterceptorChain.invoke(InvocationInterceptorChain.java:37)
	at app//org.junit.jupiter.engine.execution.ExecutableInvoker.invoke(ExecutableInvoker.java:104)
	at app//org.junit.jupiter.engine.execution.ExecutableInvoker.invoke(ExecutableInvoker.java:98)
	at app//org.junit.jupiter.engine.descriptor.TestMethodTestDescriptor.lambda$invokeTestMethod$6(TestMethodTestDescriptor.java:210)
	at app//org.junit.platform.engine.support.hierarchical.ThrowableCollector.execute(ThrowableCollector.java:73)
	at app//org.junit.jupiter.engine.descriptor.TestMethodTestDescriptor.invokeTestMethod(TestMethodTestDescriptor.java:206)
	at app//org.junit.jupiter.engine.descriptor.TestMethodTestDescriptor.execute(TestMethodTestDescriptor.java:131)
	at app//org.junit.jupiter.engine.descriptor.TestMethodTestDescriptor.execute(TestMethodTestDescriptor.java:65)
	at app//org.junit.platform.engine.support.hierarchical.NodeTestTask.lambda$executeRecursively$5(NodeTestTask.java:139)
	at app//org.junit.platform.engine.support.hierarchical.ThrowableCollector.execute(ThrowableCollector.java:73)
	at app//org.junit.platform.engine.support.hierarchical.NodeTestTask.lambda$executeRecursively$7(NodeTestTask.java:129)
	at app//org.junit.platform.engine.support.hierarchical.Node.around(Node.java:137)
	at app//org.junit.platform.engine.support.hierarchical.NodeTestTask.lambda$executeRecursively$8(NodeTestTask.java:127)
	at app//org.junit.platform.engine.support.hierarchical.ThrowableCollector.execute(ThrowableCollector.java:73)
	at app//org.junit.platform.engine.support.hierarchical.NodeTestTask.executeRecursively(NodeTestTask.java:126)
	at app//org.junit.platform.engine.support.hierarchical.NodeTestTask.execute(NodeTestTask.java:84)
	at java.base@11.0.19/java.util.ArrayList.forEach(ArrayList.java:1541)
	at app//org.junit.platform.engine.support.hierarchical.SameThreadHierarchicalTestExecutorService.invokeAll(SameThreadHierarchicalTestExecutorService.java:38)
	at app//org.junit.platform.engine.support.hierarchical.NodeTestTask.lambda$executeRecursively$5(NodeTestTask.java:143)
	at app//org.junit.platform.engine.support.hierarchical.ThrowableCollector.execute(ThrowableCollector.java:73)
	at app//org.junit.platform.engine.support.hierarchical.NodeTestTask.lambda$executeRecursively$7(NodeTestTask.java:129)
	at app//org.junit.platform.engine.support.hierarchical.Node.around(Node.java:137)
	at app//org.junit.platform.engine.support.hierarchical.NodeTestTask.lambda$executeRecursively$8(NodeTestTask.java:127)
	at app//org.junit.platform.engine.support.hierarchical.ThrowableCollector.execute(ThrowableCollector.java:73)
	at app//org.junit.platform.engine.support.hierarchical.NodeTestTask.executeRecursively(NodeTestTask.java:126)
	at app//org.junit.platform.engine.support.hierarchical.NodeTestTask.execute(NodeTestTask.java:84)
	at java.base@11.0.19/java.util.ArrayList.forEach(ArrayList.java:1541)
	at app//org.junit.platform.engine.support.hierarchical.SameThreadHierarchicalTestExecutorService.invokeAll(SameThreadHierarchicalTestExecutorService.java:38)
	at app//org.junit.platform.engine.support.hierarchical.NodeTestTask.lambda$executeRecursively$5(NodeTestTask.java:143)
	at app//org.junit.platform.engine.support.hierarchical.ThrowableCollector.execute(ThrowableCollector.java:73)
	at app//org.junit.platform.engine.support.hierarchical.NodeTestTask.lambda$executeRecursively$7(NodeTestTask.java:129)
	at app//org.junit.platform.engine.support.hierarchical.Node.around(Node.java:137)
	at app//org.junit.platform.engine.support.hierarchical.NodeTestTask.lambda$executeRecursively$8(NodeTestTask.java:127)
	at app//org.junit.platform.engine.support.hierarchical.ThrowableCollector.execute(ThrowableCollector.java:73)
	at app//org.junit.platform.engine.support.hierarchical.NodeTestTask.executeRecursively(NodeTestTask.java:126)
	at app//org.junit.platform.engine.support.hierarchical.NodeTestTask.execute(NodeTestTask.java:84)
	at app//org.junit.platform.engine.support.hierarchical.SameThreadHierarchicalTestExecutorService.submit(SameThreadHierarchicalTestExecutorService.java:32)
	at app//org.junit.platform.engine.support.hierarchical.HierarchicalTestExecutor.execute(HierarchicalTestExecutor.java:57)
	at app//org.junit.platform.engine.support.hierarchical.HierarchicalTestEngine.execute(HierarchicalTestEngine.java:51)
	at app//org.junit.platform.launcher.core.EngineExecutionOrchestrator.execute(EngineExecutionOrchestrator.java:107)
	at app//org.junit.platform.launcher.core.EngineExecutionOrchestrator.execute(EngineExecutionOrchestrator.java:88)
	at app//org.junit.platform.launcher.core.EngineExecutionOrchestrator.lambda$execute$0(EngineExecutionOrchestrator.java:54)
	at app//org.junit.platform.launcher.core.EngineExecutionOrchestrator.withInterceptedStreams(EngineExecutionOrchestrator.java:67)
	at app//org.junit.platform.launcher.core.EngineExecutionOrchestrator.execute(EngineExecutionOrchestrator.java:52)
	at app//org.junit.platform.launcher.core.DefaultLauncher.execute(DefaultLauncher.java:114)
	at app//org.junit.platform.launcher.core.DefaultLauncher.execute(DefaultLauncher.java:86)
	at app//org.junit.platform.launcher.core.DefaultLauncherSession$DelegatingLauncher.execute(DefaultLauncherSession.java:86)
	at org.gradle.api.internal.tasks.testing.junitplatform.JUnitPlatformTestClassProcessor$CollectAllTestClassesExecutor.processAllTestClasses(JUnitPlatformTestClassProcessor.java:110)
	at org.gradle.api.internal.tasks.testing.junitplatform.JUnitPlatformTestClassProcessor$CollectAllTestClassesExecutor.access$000(JUnitPlatformTestClassProcessor.java:90)
	at org.gradle.api.internal.tasks.testing.junitplatform.JUnitPlatformTestClassProcessor.stop(JUnitPlatformTestClassProcessor.java:85)
	at org.gradle.api.internal.tasks.testing.SuiteTestClassProcessor.stop(SuiteTestClassProcessor.java:62)
	at java.base@11.0.19/jdk.internal.reflect.NativeMethodAccessorImpl.invoke0(Native Method)
	at java.base@11.0.19/jdk.internal.reflect.NativeMethodAccessorImpl.invoke(NativeMethodAccessorImpl.java:62)
	at java.base@11.0.19/jdk.internal.reflect.DelegatingMethodAccessorImpl.invoke(DelegatingMethodAccessorImpl.java:43)
	at java.base@11.0.19/java.lang.reflect.Method.invoke(Method.java:566)
	at org.gradle.internal.dispatch.ReflectionDispatch.dispatch(ReflectionDispatch.java:36)
	at org.gradle.internal.dispatch.ReflectionDispatch.dispatch(ReflectionDispatch.java:24)
	at org.gradle.internal.dispatch.ContextClassLoaderDispatch.dispatch(ContextClassLoaderDispatch.java:33)
	at org.gradle.internal.dispatch.ProxyDispatchAdapter$DispatchingInvocationHandler.invoke(ProxyDispatchAdapter.java:94)
	at com.sun.proxy.$Proxy2.stop(Unknown Source)
	at org.gradle.api.internal.tasks.testing.worker.TestWorker$3.run(TestWorker.java:193)
	at org.gradle.api.internal.tasks.testing.worker.TestWorker.executeAndMaintainThreadName(TestWorker.java:129)
	at org.gradle.api.internal.tasks.testing.worker.TestWorker.execute(TestWorker.java:100)
	at org.gradle.api.internal.tasks.testing.worker.TestWorker.execute(TestWorker.java:60)
	at org.gradle.process.internal.worker.child.ActionExecutionWorker.execute(ActionExecutionWorker.java:56)
	at org.gradle.process.internal.worker.child.SystemApplicationClassLoaderWorker.call(SystemApplicationClassLoaderWorker.java:113)
	at org.gradle.process.internal.worker.child.SystemApplicationClassLoaderWorker.call(SystemApplicationClassLoaderWorker.java:65)
	at app//worker.org.gradle.process.internal.worker.GradleWorkerMain.run(GradleWorkerMain.java:69)
	at app//worker.org.gradle.process.internal.worker.GradleWorkerMain.main(GradleWorkerMain.java:74)
Caused by: org.openqa.selenium.NoSuchElementException: no such element: Unable to locate element: {&quot;method&quot;:&quot;css selector&quot;,&quot;selector&quot;:&quot;[data-test-id='error-message']&quot;}
  (Session info: chrome=116.0.5845.97)
For documentation on this error, please visit: https://www.selenium.dev/documentation/webdriver/troubleshooting/errors#no-such-element-exception
Build info: version: '4.11.0', revision: '040bc5406b'
System info: os.name: 'Windows 10', os.arch: 'amd64', os.version: '10.0', java.version: '11.0.19'
Driver info: org.openqa.selenium.chrome.ChromeDriver
Command: [7e0cea35ed2024d67a58503fdf7c1d4b, findElement {using=css selector, value=[data-test-id='error-message']}]
Capabilities {acceptInsecureCerts: true, browserName: chrome, browserVersion: 116.0.5845.97, chrome: {chromedriverVersion: 115.0.5790.102 (90efd4b0ad6..., userDataDir: C:\Users\User\AppData\Local...}, goog:chromeOptions: {debuggerAddress: localhost:64787}, networkConnectionEnabled: false, pageLoadStrategy: normal, platformName: windows, proxy: Proxy(), se:cdp: ws://localhost:64787/devtoo..., se:cdpVersion: 116.0.5845.97, setWindowRect: true, strictFileInteractability: false, timeouts: {implicit: 0, pageLoad: 300000, script: 30000}, unhandledPromptBehavior: accept, webauthn:extension:credBlob: true, webauthn:extension:largeBlob: true, webauthn:extension:minPinLength: true, webauthn:extension:prf: true, webauthn:virtualAuthenticators: true}
Session ID: 7e0cea35ed2024d67a58503fdf7c1d4b
	at jdk.internal.reflect.GeneratedConstructorAccessor12.newInstance(Unknown Source)
	at java.base@11.0.19/jdk.internal.reflect.DelegatingConstructorAccessorImpl.newInstance(DelegatingConstructorAccessorImpl.java:45)
	at java.base@11.0.19/java.lang.reflect.Constructor.newInstance(Constructor.java:490)
	at app//org.openqa.selenium.remote.codec.w3c.W3CHttpResponseCodec.createException(W3CHttpResponseCodec.java:200)
	at app//org.openqa.selenium.remote.codec.w3c.W3CHttpResponseCodec.decode(W3CHttpResponseCodec.java:133)
	at app//org.openqa.selenium.remote.codec.w3c.W3CHttpResponseCodec.decode(W3CHttpResponseCodec.java:52)
	at app//org.openqa.selenium.remote.HttpCommandExecutor.execute(HttpCommandExecutor.java:191)
	at app//org.openqa.selenium.remote.service.DriverCommandExecutor.invokeExecute(DriverCommandExecutor.java:196)
	at app//org.openqa.selenium.remote.service.DriverCommandExecutor.execute(DriverCommandExecutor.java:171)
	at app//org.openqa.selenium.remote.RemoteWebDriver.execute(RemoteWebDriver.java:518)
	at app//org.openqa.selenium.remote.ElementLocation$ElementFinder$2.findElement(ElementLocation.java:165)
	at app//org.openqa.selenium.remote.ElementLocation.findElement(ElementLocation.java:59)
	at app//org.openqa.selenium.remote.RemoteWebDriver.findElement(RemoteWebDriver.java:355)
	at app//org.openqa.selenium.remote.RemoteWebDriver.findElement(RemoteWebDriver.java:349)
	at app//com.codeborne.selenide.impl.WebElementSelector.findElement(WebElementSelector.java:70)
	at app//com.codeborne.selenide.impl.WebElementSelector.findElement(WebElementSelector.java:44)
	at app//com.codeborne.selenide.impl.WebElementSelector.findElement(WebElementSelector.java:33)
	at app//com.codeborne.selenide.impl.ElementFinder.getWebElement(ElementFinder.java:122)
	at app//com.codeborne.selenide.impl.WebElementSource.checkConditionAndReturnElement(WebElementSource.java:116)
	... 93 more
</failure>
  </testcase>
  <system-out><![CDATA[]]></system-out>
  <system-err><![CDATA[SLF4J: No SLF4J providers were found.
SLF4J: Defaulting to no-operation (NOP) logger implementation
SLF4J: See https://www.slf4j.org/codes.html#noProviders for further details.
авг. 23, 2023 12:29:44 PM org.openqa.selenium.manager.SeleniumManager lambda$runCommand$1
WARNING: The chromedriver version (115.0.5790.102) detected in PATH at C:\Users\Chrom\chromedriver-win64\chromedriver-win64\chromedriver.exe might not be compatible with the detected chrome version (116.0.5845.97); currently, chromedriver 116.0.5845.96 is recommended for chrome 116.*, so it is advised to delete the driver in PATH and retry
авг. 23, 2023 12:29:47 PM org.openqa.selenium.devtools.CdpVersionFinder findNearestMatch
WARNING: Unable to find an exact match for CDP version 116, so returning the closest version found: 115
авг. 23, 2023 12:29:50 PM org.openqa.selenium.devtools.Connection$Listener lambda$onText$0
WARNING: Unable to process: {"method":"Fetch.requestPaused","params":{"requestId":"interception-job-19.0","request":{"url":"http://localhost:9999/","method":"GET","headers":{"Accept":"text/html,application/xhtml+xml,application/xml;q=0.9,image/avif,image/webp,image/apng,*/*;q=0.8,application/signed-exchange;v=b3;q=0.7","Upgrade-Insecure-Requests":"1","User-Agent":"Mozilla/5.0 (Windows NT 10.0; Win64; x64) AppleWebKit/537.36 (KHTML, like Gecko) Chrome/116.0.0.0 Safari/537.36","sec-ch-ua":"\"Chromium\";v=\"116\", \"Not)A;Brand\";v=\"24\", \"Google Chrome\";v=\"116\"","sec-ch-ua-mobile":"?0","sec-ch-ua-platform":"\"Windows\""},"initialPriority":"VeryHigh","referrerPolicy":"strict-origin-when-cross-origin"},"frameId":"FB64E9B96A857E3326D6D7FD76C98356","resourceType":"Document"},"sessionId":"DE0FC4E54FC4144F43A64EB9DE7E4462"}
org.openqa.selenium.devtools.DevToolsException: {"id":68,"error":{"code":-32602,"message":"Invalid InterceptionId."},"sessionId":"DE0FC4E54FC4144F43A64EB9DE7E4462"}
Build info: version: '4.11.0', revision: '040bc5406b'
System info: os.name: 'Windows 10', os.arch: 'amd64', os.version: '10.0', java.version: '11.0.19'
Driver info: driver.version: unknown
	at org.openqa.selenium.devtools.Connection.sendAndWait(Connection.java:181)
	at org.openqa.selenium.devtools.DevTools.send(DevTools.java:81)
	at org.openqa.selenium.devtools.idealized.Network.lambda$prepareToInterceptTraffic$3(Network.java:211)
	at org.openqa.selenium.remote.http.Filter.lambda$andFinally$1(Filter.java:55)
	at org.openqa.selenium.devtools.idealized.Network.lambda$prepareToInterceptTraffic$4(Network.java:226)
	at org.openqa.selenium.devtools.Connection.lambda$handle$4(Connection.java:321)
	at java.base/java.util.stream.ForEachOps$ForEachOp$OfRef.accept(ForEachOps.java:183)
	at java.base/java.util.stream.ReferencePipeline$2$1.accept(ReferencePipeline.java:177)
	at java.base/java.util.stream.ReferencePipeline$11$1.accept(ReferencePipeline.java:442)
	at java.base/java.util.HashMap$KeySpliterator.forEachRemaining(HashMap.java:1621)
	at java.base/java.util.stream.AbstractPipeline.copyInto(AbstractPipeline.java:484)
	at java.base/java.util.stream.AbstractPipeline.wrapAndCopyInto(AbstractPipeline.java:474)
	at java.base/java.util.stream.ForEachOps$ForEachOp.evaluateSequential(ForEachOps.java:150)
	at java.base/java.util.stream.ForEachOps$ForEachOp$OfRef.evaluateSequential(ForEachOps.java:173)
	at java.base/java.util.stream.AbstractPipeline.evaluate(AbstractPipeline.java:234)
	at java.base/java.util.stream.ReferencePipeline.forEach(ReferencePipeline.java:497)
	at org.openqa.selenium.devtools.Connection.handle(Connection.java:287)
	at org.openqa.selenium.devtools.Connection.access$200(Connection.java:57)
	at org.openqa.selenium.devtools.Connection$Listener.lambda$onText$0(Connection.java:224)
	at java.base/java.util.concurrent.ThreadPoolExecutor.runWorker(ThreadPoolExecutor.java:1128)
	at java.base/java.util.concurrent.ThreadPoolExecutor$Worker.run(ThreadPoolExecutor.java:628)
	at java.base/java.lang.Thread.run(Thread.java:829)
Caused by: org.openqa.selenium.WebDriverException: {"id":68,"error":{"code":-32602,"message":"Invalid InterceptionId."},"sessionId":"DE0FC4E54FC4144F43A64EB9DE7E4462"}
Build info: version: '4.11.0', revision: '040bc5406b'
System info: os.name: 'Windows 10', os.arch: 'amd64', os.version: '10.0', java.version: '11.0.19'
Driver info: driver.version: unknown
	at org.openqa.selenium.devtools.Connection.handle(Connection.java:260)
	... 5 more

Exception in thread "CDP Connection" org.openqa.selenium.devtools.DevToolsException: {"id":68,"error":{"code":-32602,"message":"Invalid InterceptionId."},"sessionId":"DE0FC4E54FC4144F43A64EB9DE7E4462"}
Build info: version: '4.11.0', revision: '040bc5406b'
System info: os.name: 'Windows 10', os.arch: 'amd64', os.version: '10.0', java.version: '11.0.19'
Driver info: driver.version: unknown
	at org.openqa.selenium.devtools.Connection$Listener.lambda$onText$0(Connection.java:227)
	at java.base/java.util.concurrent.ThreadPoolExecutor.runWorker(ThreadPoolExecutor.java:1128)
	at java.base/java.util.concurrent.ThreadPoolExecutor$Worker.run(ThreadPoolExecutor.java:628)
	at java.base/java.lang.Thread.run(Thread.java:829)
Caused by: org.openqa.selenium.devtools.DevToolsException: {"id":68,"error":{"code":-32602,"message":"Invalid InterceptionId."},"sessionId":"DE0FC4E54FC4144F43A64EB9DE7E4462"}
Build info: version: '4.11.0', revision: '040bc5406b'
System info: os.name: 'Windows 10', os.arch: 'amd64', os.version: '10.0', java.version: '11.0.19'
Driver info: driver.version: unknown
	at org.openqa.selenium.devtools.Connection.sendAndWait(Connection.java:181)
	at org.openqa.selenium.devtools.DevTools.send(DevTools.java:81)
	at org.openqa.selenium.devtools.idealized.Network.lambda$prepareToInterceptTraffic$3(Network.java:211)
	at org.openqa.selenium.remote.http.Filter.lambda$andFinally$1(Filter.java:55)
	at org.openqa.selenium.devtools.idealized.Network.lambda$prepareToInterceptTraffic$4(Network.java:226)
	at org.openqa.selenium.devtools.Connection.lambda$handle$4(Connection.java:321)
	at java.base/java.util.stream.ForEachOps$ForEachOp$OfRef.accept(ForEachOps.java:183)
	at java.base/java.util.stream.ReferencePipeline$2$1.accept(ReferencePipeline.java:177)
	at java.base/java.util.stream.ReferencePipeline$11$1.accept(ReferencePipeline.java:442)
	at java.base/java.util.HashMap$KeySpliterator.forEachRemaining(HashMap.java:1621)
	at java.base/java.util.stream.AbstractPipeline.copyInto(AbstractPipeline.java:484)
	at java.base/java.util.stream.AbstractPipeline.wrapAndCopyInto(AbstractPipeline.java:474)
	at java.base/java.util.stream.ForEachOps$ForEachOp.evaluateSequential(ForEachOps.java:150)
	at java.base/java.util.stream.ForEachOps$ForEachOp$OfRef.evaluateSequential(ForEachOps.java:173)
	at java.base/java.util.stream.AbstractPipeline.evaluate(AbstractPipeline.java:234)
	at java.base/java.util.stream.ReferencePipeline.forEach(ReferencePipeline.java:497)
	at org.openqa.selenium.devtools.Connection.handle(Connection.java:287)
	at org.openqa.selenium.devtools.Connection.access$200(Connection.java:57)
	at org.openqa.selenium.devtools.Connection$Listener.lambda$onText$0(Connection.java:224)
	... 3 more
Caused by: org.openqa.selenium.WebDriverException: {"id":68,"error":{"code":-32602,"message":"Invalid InterceptionId."},"sessionId":"DE0FC4E54FC4144F43A64EB9DE7E4462"}
Build info: version: '4.11.0', revision: '040bc5406b'
System info: os.name: 'Windows 10', os.arch: 'amd64', os.version: '10.0', java.version: '11.0.19'
Driver info: driver.version: unknown
авг. 23, 2023 12:29:50 PM org.openqa.selenium.devtools.Connection$Listener lambda$onText$0
	at org.openqa.selenium.devtools.Connection.handle(Connection.java:260)
	... 5 more
WARNING: Unable to process: {"method":"Fetch.requestPaused","params":{"requestId":"interception-job-19.0","request":{"url":"http://localhost:9999/","method":"GET","headers":{"Accept":"text/html,application/xhtml+xml,application/xml;q=0.9,image/avif,image/webp,image/apng,*/*;q=0.8,application/signed-exchange;v=b3;q=0.7","Upgrade-Insecure-Requests":"1","User-Agent":"Mozilla/5.0 (Windows NT 10.0; Win64; x64) AppleWebKit/537.36 (KHTML, like Gecko) Chrome/116.0.0.0 Safari/537.36","sec-ch-ua":"\"Chromium\";v=\"116\", \"Not)A;Brand\";v=\"24\", \"Google Chrome\";v=\"116\"","sec-ch-ua-mobile":"?0","sec-ch-ua-platform":"\"Windows\""},"initialPriority":"VeryHigh","referrerPolicy":"strict-origin-when-cross-origin"},"frameId":"FB64E9B96A857E3326D6D7FD76C98356","resourceType":"Document","responseStatusCode":200,"responseStatusText":"OK","responseHeaders":[{"name":"Content-Length","value":"2305"},{"name":"Content-Type","value":"text/html; charset=UTF-8"},{"name":"Connection","value":"keep-alive"}]},"sessionId":"DE0FC4E54FC4144F43A64EB9DE7E4462"}
org.openqa.selenium.devtools.DevToolsException: {"id":67,"error":{"code":-32602,"message":"Invalid InterceptionId."},"sessionId":"DE0FC4E54FC4144F43A64EB9DE7E4462"}
Build info: version: '4.11.0', revision: '040bc5406b'
System info: os.name: 'Windows 10', os.arch: 'amd64', os.version: '10.0', java.version: '11.0.19'
Driver info: driver.version: unknown
	at org.openqa.selenium.devtools.Connection.sendAndWait(Connection.java:181)
	at org.openqa.selenium.devtools.DevTools.send(DevTools.java:81)
	at org.openqa.selenium.devtools.idealized.Network.lambda$prepareToInterceptTraffic$4(Network.java:194)
	at org.openqa.selenium.devtools.Connection.lambda$handle$4(Connection.java:321)
	at java.base/java.util.stream.ForEachOps$ForEachOp$OfRef.accept(ForEachOps.java:183)
	at java.base/java.util.stream.ReferencePipeline$2$1.accept(ReferencePipeline.java:177)
	at java.base/java.util.stream.ReferencePipeline$11$1.accept(ReferencePipeline.java:442)
	at java.base/java.util.HashMap$KeySpliterator.forEachRemaining(HashMap.java:1621)
	at java.base/java.util.stream.AbstractPipeline.copyInto(AbstractPipeline.java:484)
	at java.base/java.util.stream.AbstractPipeline.wrapAndCopyInto(AbstractPipeline.java:474)
	at java.base/java.util.stream.ForEachOps$ForEachOp.evaluateSequential(ForEachOps.java:150)
	at java.base/java.util.stream.ForEachOps$ForEachOp$OfRef.evaluateSequential(ForEachOps.java:173)
	at java.base/java.util.stream.AbstractPipeline.evaluate(AbstractPipeline.java:234)
	at java.base/java.util.stream.ReferencePipeline.forEach(ReferencePipeline.java:497)
	at org.openqa.selenium.devtools.Connection.handle(Connection.java:287)
	at org.openqa.selenium.devtools.Connection.access$200(Connection.java:57)
	at org.openqa.selenium.devtools.Connection$Listener.lambda$onText$0(Connection.java:224)
	at java.base/java.util.concurrent.ThreadPoolExecutor.runWorker(ThreadPoolExecutor.java:1128)
	at java.base/java.util.concurrent.ThreadPoolExecutor$Worker.run(ThreadPoolExecutor.java:628)
	at java.base/java.lang.Thread.run(Thread.java:829)
Caused by: org.openqa.selenium.WebDriverException: {"id":67,"error":{"code":-32602,"message":"Invalid InterceptionId."},"sessionId":"DE0FC4E54FC4144F43A64EB9DE7E4462"}
Build info: version: '4.11.0', revision: '040bc5406b'
System info: os.name: 'Windows 10', os.arch: 'amd64', os.version: '10.0', java.version: '11.0.19'
Driver info: driver.version: unknown
	at org.openqa.selenium.devtools.Connection.handle(Connection.java:260)
	... 5 more

Exception in thread "CDP Connection" org.openqa.selenium.devtools.DevToolsException: {"id":67,"error":{"code":-32602,"message":"Invalid InterceptionId."},"sessionId":"DE0FC4E54FC4144F43A64EB9DE7E4462"}
Build info: version: '4.11.0', revision: '040bc5406b'
System info: os.name: 'Windows 10', os.arch: 'amd64', os.version: '10.0', java.version: '11.0.19'
Driver info: driver.version: unknown
	at org.openqa.selenium.devtools.Connection$Listener.lambda$onText$0(Connection.java:227)
	at java.base/java.util.concurrent.ThreadPoolExecutor.runWorker(ThreadPoolExecutor.java:1128)
	at java.base/java.util.concurrent.ThreadPoolExecutor$Worker.run(ThreadPoolExecutor.java:628)
	at java.base/java.lang.Thread.run(Thread.java:829)
Caused by: org.openqa.selenium.devtools.DevToolsException: {"id":67,"error":{"code":-32602,"message":"Invalid InterceptionId."},"sessionId":"DE0FC4E54FC4144F43A64EB9DE7E4462"}
Build info: version: '4.11.0', revision: '040bc5406b'
System info: os.name: 'Windows 10', os.arch: 'amd64', os.version: '10.0', java.version: '11.0.19'
Driver info: driver.version: unknown
	at org.openqa.selenium.devtools.Connection.sendAndWait(Connection.java:181)
	at org.openqa.selenium.devtools.DevTools.send(DevTools.java:81)
	at org.openqa.selenium.devtools.idealized.Network.lambda$prepareToInterceptTraffic$4(Network.java:194)
	at org.openqa.selenium.devtools.Connection.lambda$handle$4(Connection.java:321)
	at java.base/java.util.stream.ForEachOps$ForEachOp$OfRef.accept(ForEachOps.java:183)
	at java.base/java.util.stream.ReferencePipeline$2$1.accept(ReferencePipeline.java:177)
	at java.base/java.util.stream.ReferencePipeline$11$1.accept(ReferencePipeline.java:442)
	at java.base/java.util.HashMap$KeySpliterator.forEachRemaining(HashMap.java:1621)
	at java.base/java.util.stream.AbstractPipeline.copyInto(AbstractPipeline.java:484)
	at java.base/java.util.stream.AbstractPipeline.wrapAndCopyInto(AbstractPipeline.java:474)
	at java.base/java.util.stream.ForEachOps$ForEachOp.evaluateSequential(ForEachOps.java:150)
	at java.base/java.util.stream.ForEachOps$ForEachOp$OfRef.evaluateSequential(ForEachOps.java:173)
	at java.base/java.util.stream.AbstractPipeline.evaluate(AbstractPipeline.java:234)
	at java.base/java.util.stream.ReferencePipeline.forEach(ReferencePipeline.java:497)
	at org.openqa.selenium.devtools.Connection.handle(Connection.java:287)
	at org.openqa.selenium.devtools.Connection.access$200(Connection.java:57)
	at org.openqa.selenium.devtools.Connection$Listener.lambda$onText$0(Connection.java:224)
	... 3 more
Caused by: org.openqa.selenium.WebDriverException: {"id":67,"error":{"code":-32602,"message":"Invalid InterceptionId."},"sessionId":"DE0FC4E54FC4144F43A64EB9DE7E4462"}
Build info: version: '4.11.0', revision: '040bc5406b'
System info: os.name: 'Windows 10', os.arch: 'amd64', os.version: '10.0', java.version: '11.0.19'
Driver info: driver.version: unknown
	at org.openqa.selenium.devtools.Connection.handle(Connection.java:260)
	... 5 more
авг. 23, 2023 12:29:50 PM org.openqa.selenium.devtools.Connection$Listener lambda$onText$0
WARNING: Unable to process: {"method":"Fetch.requestPaused","params":{"requestId":"interception-job-20.0","request":{"url":"http://localhost:9999/static/css/2.2f2cdd88.chunk.css","method":"GET","headers":{"Accept":"text/css,*/*;q=0.1","Referer":"http://localhost:9999/","User-Agent":"Mozilla/5.0 (Windows NT 10.0; Win64; x64) AppleWebKit/537.36 (KHTML, like Gecko) Chrome/116.0.0.0 Safari/537.36","sec-ch-ua":"\"Chromium\";v=\"116\", \"Not)A;Brand\";v=\"24\", \"Google Chrome\";v=\"116\"","sec-ch-ua-mobile":"?0","sec-ch-ua-platform":"\"Windows\""},"initialPriority":"VeryHigh","referrerPolicy":"strict-origin-when-cross-origin"},"frameId":"FB64E9B96A857E3326D6D7FD76C98356","resourceType":"Stylesheet"},"sessionId":"DE0FC4E54FC4144F43A64EB9DE7E4462"}
org.openqa.selenium.devtools.DevToolsException: {"id":77,"error":{"code":-32602,"message":"Invalid InterceptionId."},"sessionId":"DE0FC4E54FC4144F43A64EB9DE7E4462"}
Build info: version: '4.11.0', revision: '040bc5406b'
System info: os.name: 'Windows 10', os.arch: 'amd64', os.version: '10.0', java.version: '11.0.19'
Driver info: driver.version: unknown
	at org.openqa.selenium.devtools.Connection.sendAndWait(Connection.java:181)
	at org.openqa.selenium.devtools.DevTools.send(DevTools.java:81)
	at org.openqa.selenium.devtools.idealized.Network.lambda$prepareToInterceptTraffic$4(Network.java:233)
	at org.openqa.selenium.devtools.Connection.lambda$handle$4(Connection.java:321)
	at java.base/java.util.stream.ForEachOps$ForEachOp$OfRef.accept(ForEachOps.java:183)
	at java.base/java.util.stream.ReferencePipeline$2$1.accept(ReferencePipeline.java:177)
	at java.base/java.util.stream.ReferencePipeline$11$1.accept(ReferencePipeline.java:442)
	at java.base/java.util.HashMap$KeySpliterator.forEachRemaining(HashMap.java:1621)
	at java.base/java.util.stream.AbstractPipeline.copyInto(AbstractPipeline.java:484)
	at java.base/java.util.stream.AbstractPipeline.wrapAndCopyInto(AbstractPipeline.java:474)
	at java.base/java.util.stream.ForEachOps$ForEachOp.evaluateSequential(ForEachOps.java:150)
	at java.base/java.util.stream.ForEachOps$ForEachOp$OfRef.evaluateSequential(ForEachOps.java:173)
	at java.base/java.util.stream.AbstractPipeline.evaluate(AbstractPipeline.java:234)
	at java.base/java.util.stream.ReferencePipeline.forEach(ReferencePipeline.java:497)
	at org.openqa.selenium.devtools.Connection.handle(Connection.java:287)
	at org.openqa.selenium.devtools.Connection.access$200(Connection.java:57)
	at org.openqa.selenium.devtools.Connection$Listener.lambda$onText$0(Connection.java:224)
	at java.base/java.util.concurrent.ThreadPoolExecutor.runWorker(ThreadPoolExecutor.java:1128)
	at java.base/java.util.concurrent.ThreadPoolExecutor$Worker.run(ThreadPoolExecutor.java:628)
	at java.base/java.lang.Thread.run(Thread.java:829)
Caused by: org.openqa.selenium.WebDriverException: {"id":77,"error":{"code":-32602,"message":"Invalid InterceptionId."},"sessionId":"DE0FC4E54FC4144F43A64EB9DE7E4462"}
Build info: version: '4.11.0', revision: '040bc5406b'
System info: os.name: 'Windows 10', os.arch: 'amd64', os.version: '10.0', java.version: '11.0.19'
Driver info: driver.version: unknown
	at org.openqa.selenium.devtools.Connection.handle(Connection.java:260)
	... 5 more

Exception in thread "CDP Connection" org.openqa.selenium.devtools.DevToolsException: {"id":77,"error":{"code":-32602,"message":"Invalid InterceptionId."},"sessionId":"DE0FC4E54FC4144F43A64EB9DE7E4462"}
Build info: version: '4.11.0', revision: '040bc5406b'
System info: os.name: 'Windows 10', os.arch: 'amd64', os.version: '10.0', java.version: '11.0.19'
Driver info: driver.version: unknown
	at org.openqa.selenium.devtools.Connection$Listener.lambda$onText$0(Connection.java:227)
	at java.base/java.util.concurrent.ThreadPoolExecutor.runWorker(ThreadPoolExecutor.java:1128)
	at java.base/java.util.concurrent.ThreadPoolExecutor$Worker.run(ThreadPoolExecutor.java:628)
	at java.base/java.lang.Thread.run(Thread.java:829)
Caused by: org.openqa.selenium.devtools.DevToolsException: {"id":77,"error":{"code":-32602,"message":"Invalid InterceptionId."},"sessionId":"DE0FC4E54FC4144F43A64EB9DE7E4462"}
Build info: version: '4.11.0', revision: '040bc5406b'
System info: os.name: 'Windows 10', os.arch: 'amd64', os.version: '10.0', java.version: '11.0.19'
Driver info: driver.version: unknown
	at org.openqa.selenium.devtools.Connection.sendAndWait(Connection.java:181)
	at org.openqa.selenium.devtools.DevTools.send(DevTools.java:81)
	at org.openqa.selenium.devtools.idealized.Network.lambda$prepareToInterceptTraffic$4(Network.java:233)
	at org.openqa.selenium.devtools.Connection.lambda$handle$4(Connection.java:321)
	at java.base/java.util.stream.ForEachOps$ForEachOp$OfRef.accept(ForEachOps.java:183)
	at java.base/java.util.stream.ReferencePipeline$2$1.accept(ReferencePipeline.java:177)
	at java.base/java.util.stream.ReferencePipeline$11$1.accept(ReferencePipeline.java:442)
	at java.base/java.util.HashMap$KeySpliterator.forEachRemaining(HashMap.java:1621)
	at java.base/java.util.stream.AbstractPipeline.copyInto(AbstractPipeline.java:484)
	at java.base/java.util.stream.AbstractPipeline.wrapAndCopyInto(AbstractPipeline.java:474)
	at java.base/java.util.stream.ForEachOps$ForEachOp.evaluateSequential(ForEachOps.java:150)
	at java.base/java.util.stream.ForEachOps$ForEachOp$OfRef.evaluateSequential(ForEachOps.java:173)
	at java.base/java.util.stream.AbstractPipeline.evaluate(AbstractPipeline.java:234)
	at java.base/java.util.stream.ReferencePipeline.forEach(ReferencePipeline.java:497)
	at org.openqa.selenium.devtools.Connection.handle(Connection.java:287)
	at org.openqa.selenium.devtools.Connection.access$200(Connection.java:57)
	at org.openqa.selenium.devtools.Connection$Listener.lambda$onText$0(Connection.java:224)
	... 3 more
Caused by: org.openqa.selenium.WebDriverException: {"id":77,"error":{"code":-32602,"message":"Invalid InterceptionId."},"sessionId":"DE0FC4E54FC4144F43A64EB9DE7E4462"}
Build info: version: '4.11.0', revision: '040bc5406b'
System info: os.name: 'Windows 10', os.arch: 'amd64', os.version: '10.0', java.version: '11.0.19'
Driver info: driver.version: unknown
	at org.openqa.selenium.devtools.Connection.handle(Connection.java:260)
	... 5 more
авг. 23, 2023 12:29:50 PM org.openqa.selenium.devtools.Connection$Listener lambda$onText$0
WARNING: Unable to process: {"method":"Fetch.requestPaused","params":{"requestId":"interception-job-21.0","request":{"url":"http://localhost:9999/static/css/main.baaebdd0.chunk.css","method":"GET","headers":{"Accept":"text/css,*/*;q=0.1","Referer":"http://localhost:9999/","User-Agent":"Mozilla/5.0 (Windows NT 10.0; Win64; x64) AppleWebKit/537.36 (KHTML, like Gecko) Chrome/116.0.0.0 Safari/537.36","sec-ch-ua":"\"Chromium\";v=\"116\", \"Not)A;Brand\";v=\"24\", \"Google Chrome\";v=\"116\"","sec-ch-ua-mobile":"?0","sec-ch-ua-platform":"\"Windows\""},"initialPriority":"VeryHigh","referrerPolicy":"unsafe-url"},"frameId":"FB64E9B96A857E3326D6D7FD76C98356","resourceType":"Stylesheet","responseStatusCode":200,"responseStatusText":"OK","responseHeaders":[{"name":"Content-Length","value":"669"},{"name":"Content-Type","value":"text/css; charset=UTF-8"},{"name":"Connection","value":"keep-alive"}]},"sessionId":"DE0FC4E54FC4144F43A64EB9DE7E4462"}
org.openqa.selenium.devtools.DevToolsException: {"id":82,"error":{"code":-32602,"message":"Invalid InterceptionId."},"sessionId":"DE0FC4E54FC4144F43A64EB9DE7E4462"}
Build info: version: '4.11.0', revision: '040bc5406b'
System info: os.name: 'Windows 10', os.arch: 'amd64', os.version: '10.0', java.version: '11.0.19'
Driver info: driver.version: unknown
	at org.openqa.selenium.devtools.Connection.sendAndWait(Connection.java:181)
	at org.openqa.selenium.devtools.DevTools.send(DevTools.java:81)
	at org.openqa.selenium.devtools.idealized.Network.lambda$prepareToInterceptTraffic$4(Network.java:194)
	at org.openqa.selenium.devtools.Connection.lambda$handle$4(Connection.java:321)
	at java.base/java.util.stream.ForEachOps$ForEachOp$OfRef.accept(ForEachOps.java:183)
	at java.base/java.util.stream.ReferencePipeline$2$1.accept(ReferencePipeline.java:177)
	at java.base/java.util.stream.ReferencePipeline$11$1.accept(ReferencePipeline.java:442)
	at java.base/java.util.HashMap$KeySpliterator.forEachRemaining(HashMap.java:1621)
	at java.base/java.util.stream.AbstractPipeline.copyInto(AbstractPipeline.java:484)
	at java.base/java.util.stream.AbstractPipeline.wrapAndCopyInto(AbstractPipeline.java:474)
	at java.base/java.util.stream.ForEachOps$ForEachOp.evaluateSequential(ForEachOps.java:150)
	at java.base/java.util.stream.ForEachOps$ForEachOp$OfRef.evaluateSequential(ForEachOps.java:173)
	at java.base/java.util.stream.AbstractPipeline.evaluate(AbstractPipeline.java:234)
	at java.base/java.util.stream.ReferencePipeline.forEach(ReferencePipeline.java:497)
	at org.openqa.selenium.devtools.Connection.handle(Connection.java:287)
	at org.openqa.selenium.devtools.Connection.access$200(Connection.java:57)
	at org.openqa.selenium.devtools.Connection$Listener.lambda$onText$0(Connection.java:224)
	at java.base/java.util.concurrent.ThreadPoolExecutor.runWorker(ThreadPoolExecutor.java:1128)
	at java.base/java.util.concurrent.ThreadPoolExecutor$Worker.run(ThreadPoolExecutor.java:628)
	at java.base/java.lang.Thread.run(Thread.java:829)
Caused by: org.openqa.selenium.WebDriverException: {"id":82,"error":{"code":-32602,"message":"Invalid InterceptionId."},"sessionId":"DE0FC4E54FC4144F43A64EB9DE7E4462"}
Build info: version: '4.11.0', revision: '040bc5406b'
System info: os.name: 'Windows 10', os.arch: 'amd64', os.version: '10.0', java.version: '11.0.19'
Driver info: driver.version: unknown
	at org.openqa.selenium.devtools.Connection.handle(Connection.java:260)
	... 5 more

Exception in thread "CDP Connection" org.openqa.selenium.devtools.DevToolsException: {"id":82,"error":{"code":-32602,"message":"Invalid InterceptionId."},"sessionId":"DE0FC4E54FC4144F43A64EB9DE7E4462"}
Build info: version: '4.11.0', revision: '040bc5406b'
System info: os.name: 'Windows 10', os.arch: 'amd64', os.version: '10.0', java.version: '11.0.19'
Driver info: driver.version: unknown
	at org.openqa.selenium.devtools.Connection$Listener.lambda$onText$0(Connection.java:227)
	at java.base/java.util.concurrent.ThreadPoolExecutor.runWorker(ThreadPoolExecutor.java:1128)
	at java.base/java.util.concurrent.ThreadPoolExecutor$Worker.run(ThreadPoolExecutor.java:628)
	at java.base/java.lang.Thread.run(Thread.java:829)
Caused by: org.openqa.selenium.devtools.DevToolsException: {"id":82,"error":{"code":-32602,"message":"Invalid InterceptionId."},"sessionId":"DE0FC4E54FC4144F43A64EB9DE7E4462"}
Build info: version: '4.11.0', revision: '040bc5406b'
System info: os.name: 'Windows 10', os.arch: 'amd64', os.version: '10.0', java.version: '11.0.19'
Driver info: driver.version: unknown
	at org.openqa.selenium.devtools.Connection.sendAndWait(Connection.java:181)
	at org.openqa.selenium.devtools.DevTools.send(DevTools.java:81)
	at org.openqa.selenium.devtools.idealized.Network.lambda$prepareToInterceptTraffic$4(Network.java:194)
	at org.openqa.selenium.devtools.Connection.lambda$handle$4(Connection.java:321)
	at java.base/java.util.stream.ForEachOps$ForEachOp$OfRef.accept(ForEachOps.java:183)
	at java.base/java.util.stream.ReferencePipeline$2$1.accept(ReferencePipeline.java:177)
	at java.base/java.util.stream.ReferencePipeline$11$1.accept(ReferencePipeline.java:442)
	at java.base/java.util.HashMap$KeySpliterator.forEachRemaining(HashMap.java:1621)
	at java.base/java.util.stream.AbstractPipeline.copyInto(AbstractPipeline.java:484)
	at java.base/java.util.stream.AbstractPipeline.wrapAndCopyInto(AbstractPipeline.java:474)
	at java.base/java.util.stream.ForEachOps$ForEachOp.evaluateSequential(ForEachOps.java:150)
	at java.base/java.util.stream.ForEachOps$ForEachOp$OfRef.evaluateSequential(ForEachOps.java:173)
	at java.base/java.util.stream.AbstractPipeline.evaluate(AbstractPipeline.java:234)
	at java.base/java.util.stream.ReferencePipeline.forEach(ReferencePipeline.java:497)
	at org.openqa.selenium.devtools.Connection.handle(Connection.java:287)
	at org.openqa.selenium.devtools.Connection.access$200(Connection.java:57)
	at org.openqa.selenium.devtools.Connection$Listener.lambda$onText$0(Connection.java:224)
	... 3 more
Caused by: org.openqa.selenium.WebDriverException: {"id":82,"error":{"code":-32602,"message":"Invalid InterceptionId."},"sessionId":"DE0FC4E54FC4144F43A64EB9DE7E4462"}
Build info: version: '4.11.0', revision: '040bc5406b'
System info: os.name: 'Windows 10', os.arch: 'amd64', os.version: '10.0', java.version: '11.0.19'
Driver info: driver.version: unknown
	at org.openqa.selenium.devtools.Connection.handle(Connection.java:260)
	... 5 more
авг. 23, 2023 12:29:50 PM org.openqa.selenium.devtools.Connection$Listener lambda$onText$0
WARNING: Unable to process: {"method":"Fetch.requestPaused","params":{"requestId":"interception-job-21.0","request":{"url":"http://localhost:9999/static/css/main.baaebdd0.chunk.css","method":"GET","headers":{"Accept":"text/css,*/*;q=0.1","Referer":"http://localhost:9999/","User-Agent":"Mozilla/5.0 (Windows NT 10.0; Win64; x64) AppleWebKit/537.36 (KHTML, like Gecko) Chrome/116.0.0.0 Safari/537.36","sec-ch-ua":"\"Chromium\";v=\"116\", \"Not)A;Brand\";v=\"24\", \"Google Chrome\";v=\"116\"","sec-ch-ua-mobile":"?0","sec-ch-ua-platform":"\"Windows\""},"initialPriority":"VeryHigh","referrerPolicy":"strict-origin-when-cross-origin"},"frameId":"FB64E9B96A857E3326D6D7FD76C98356","resourceType":"Stylesheet"},"sessionId":"DE0FC4E54FC4144F43A64EB9DE7E4462"}
org.openqa.selenium.devtools.DevToolsException: {"id":83,"error":{"code":-32602,"message":"Invalid InterceptionId."},"sessionId":"DE0FC4E54FC4144F43A64EB9DE7E4462"}
Build info: version: '4.11.0', revision: '040bc5406b'
System info: os.name: 'Windows 10', os.arch: 'amd64', os.version: '10.0', java.version: '11.0.19'
Driver info: driver.version: unknown
	at org.openqa.selenium.devtools.Connection.sendAndWait(Connection.java:181)
	at org.openqa.selenium.devtools.DevTools.send(DevTools.java:81)
	at org.openqa.selenium.devtools.idealized.Network.lambda$prepareToInterceptTraffic$3(Network.java:211)
	at org.openqa.selenium.remote.http.Filter.lambda$andFinally$1(Filter.java:55)
	at org.openqa.selenium.devtools.idealized.Network.lambda$prepareToInterceptTraffic$4(Network.java:226)
	at org.openqa.selenium.devtools.Connection.lambda$handle$4(Connection.java:321)
	at java.base/java.util.stream.ForEachOps$ForEachOp$OfRef.accept(ForEachOps.java:183)
	at java.base/java.util.stream.ReferencePipeline$2$1.accept(ReferencePipeline.java:177)
	at java.base/java.util.stream.ReferencePipeline$11$1.accept(ReferencePipeline.java:442)
	at java.base/java.util.HashMap$KeySpliterator.forEachRemaining(HashMap.java:1621)
	at java.base/java.util.stream.AbstractPipeline.copyInto(AbstractPipeline.java:484)
	at java.base/java.util.stream.AbstractPipeline.wrapAndCopyInto(AbstractPipeline.java:474)
	at java.base/java.util.stream.ForEachOps$ForEachOp.evaluateSequential(ForEachOps.java:150)
	at java.base/java.util.stream.ForEachOps$ForEachOp$OfRef.evaluateSequential(ForEachOps.java:173)
	at java.base/java.util.stream.AbstractPipeline.evaluate(AbstractPipeline.java:234)
	at java.base/java.util.stream.ReferencePipeline.forEach(ReferencePipeline.java:497)
	at org.openqa.selenium.devtools.Connection.handle(Connection.java:287)
	at org.openqa.selenium.devtools.Connection.access$200(Connection.java:57)
	at org.openqa.selenium.devtools.Connection$Listener.lambda$onText$0(Connection.java:224)
	at java.base/java.util.concurrent.ThreadPoolExecutor.runWorker(ThreadPoolExecutor.java:1128)
	at java.base/java.util.concurrent.ThreadPoolExecutor$Worker.run(ThreadPoolExecutor.java:628)
	at java.base/java.lang.Thread.run(Thread.java:829)
Caused by: org.openqa.selenium.WebDriverException: {"id":83,"error":{"code":-32602,"message":"Invalid InterceptionId."},"sessionId":"DE0FC4E54FC4144F43A64EB9DE7E4462"}
Build info: version: '4.11.0', revision: '040bc5406b'
System info: os.name: 'Windows 10', os.arch: 'amd64', os.version: '10.0', java.version: '11.0.19'
Driver info: driver.version: unknown
	at org.openqa.selenium.devtools.Connection.handle(Connection.java:260)
	... 5 more

Exception in thread "CDP Connection" org.openqa.selenium.devtools.DevToolsException: {"id":83,"error":{"code":-32602,"message":"Invalid InterceptionId."},"sessionId":"DE0FC4E54FC4144F43A64EB9DE7E4462"}
Build info: version: '4.11.0', revision: '040bc5406b'
System info: os.name: 'Windows 10', os.arch: 'amd64', os.version: '10.0', java.version: '11.0.19'
Driver info: driver.version: unknown
	at org.openqa.selenium.devtools.Connection$Listener.lambda$onText$0(Connection.java:227)
	at java.base/java.util.concurrent.ThreadPoolExecutor.runWorker(ThreadPoolExecutor.java:1128)
	at java.base/java.util.concurrent.ThreadPoolExecutor$Worker.run(ThreadPoolExecutor.java:628)
	at java.base/java.lang.Thread.run(Thread.java:829)
Caused by: org.openqa.selenium.devtools.DevToolsException: {"id":83,"error":{"code":-32602,"message":"Invalid InterceptionId."},"sessionId":"DE0FC4E54FC4144F43A64EB9DE7E4462"}
Build info: version: '4.11.0', revision: '040bc5406b'
System info: os.name: 'Windows 10', os.arch: 'amd64', os.version: '10.0', java.version: '11.0.19'
Driver info: driver.version: unknown
	at org.openqa.selenium.devtools.Connection.sendAndWait(Connection.java:181)
	at org.openqa.selenium.devtools.DevTools.send(DevTools.java:81)
	at org.openqa.selenium.devtools.idealized.Network.lambda$prepareToInterceptTraffic$3(Network.java:211)
	at org.openqa.selenium.remote.http.Filter.lambda$andFinally$1(Filter.java:55)
	at org.openqa.selenium.devtools.idealized.Network.lambda$prepareToInterceptTraffic$4(Network.java:226)
	at org.openqa.selenium.devtools.Connection.lambda$handle$4(Connection.java:321)
	at java.base/java.util.stream.ForEachOps$ForEachOp$OfRef.accept(ForEachOps.java:183)
	at java.base/java.util.stream.ReferencePipeline$2$1.accept(ReferencePipeline.java:177)
	at java.base/java.util.stream.ReferencePipeline$11$1.accept(ReferencePipeline.java:442)
	at java.base/java.util.HashMap$KeySpliterator.forEachRemaining(HashMap.java:1621)
	at java.base/java.util.stream.AbstractPipeline.copyInto(AbstractPipeline.java:484)
	at java.base/java.util.stream.AbstractPipeline.wrapAndCopyInto(AbstractPipeline.java:474)
	at java.base/java.util.stream.ForEachOps$ForEachOp.evaluateSequential(ForEachOps.java:150)
	at java.base/java.util.stream.ForEachOps$ForEachOp$OfRef.evaluateSequential(ForEachOps.java:173)
	at java.base/java.util.stream.AbstractPipeline.evaluate(AbstractPipeline.java:234)
	at java.base/java.util.stream.ReferencePipeline.forEach(ReferencePipeline.java:497)
	at org.openqa.selenium.devtools.Connection.handle(Connection.java:287)
	at org.openqa.selenium.devtools.Connection.access$200(Connection.java:57)
	at org.openqa.selenium.devtools.Connection$Listener.lambda$onText$0(Connection.java:224)
	... 3 more
Caused by: org.openqa.selenium.WebDriverException: {"id":83,"error":{"code":-32602,"message":"Invalid InterceptionId."},"sessionId":"DE0FC4E54FC4144F43A64EB9DE7E4462"}
Build info: version: '4.11.0', revision: '040bc5406b'
System info: os.name: 'Windows 10', os.arch: 'amd64', os.version: '10.0', java.version: '11.0.19'
Driver info: driver.version: unknown
	at org.openqa.selenium.devtools.Connection.handle(Connection.java:260)
	... 5 more
авг. 23, 2023 12:29:50 PM org.openqa.selenium.devtools.Connection$Listener lambda$onText$0
WARNING: Unable to process: {"method":"Fetch.requestPaused","params":{"requestId":"interception-job-23.0","request":{"url":"http://localhost:9999/static/js/main.a79d0c3e.chunk.js","method":"GET","headers":{"Accept":"*/*","Referer":"http://localhost:9999/","User-Agent":"Mozilla/5.0 (Windows NT 10.0; Win64; x64) AppleWebKit/537.36 (KHTML, like Gecko) Chrome/116.0.0.0 Safari/537.36","sec-ch-ua":"\"Chromium\";v=\"116\", \"Not)A;Brand\";v=\"24\", \"Google Chrome\";v=\"116\"","sec-ch-ua-mobile":"?0","sec-ch-ua-platform":"\"Windows\""},"initialPriority":"High","referrerPolicy":"strict-origin-when-cross-origin"},"frameId":"FB64E9B96A857E3326D6D7FD76C98356","resourceType":"Script"},"sessionId":"DE0FC4E54FC4144F43A64EB9DE7E4462"}
org.openqa.selenium.devtools.DevToolsException: {"id":87,"error":{"code":-32602,"message":"Invalid InterceptionId."},"sessionId":"DE0FC4E54FC4144F43A64EB9DE7E4462"}
Build info: version: '4.11.0', revision: '040bc5406b'
System info: os.name: 'Windows 10', os.arch: 'amd64', os.version: '10.0', java.version: '11.0.19'
Driver info: driver.version: unknown
	at org.openqa.selenium.devtools.Connection.sendAndWait(Connection.java:181)
	at org.openqa.selenium.devtools.DevTools.send(DevTools.java:81)
	at org.openqa.selenium.devtools.idealized.Network.lambda$prepareToInterceptTraffic$3(Network.java:211)
	at org.openqa.selenium.remote.http.Filter.lambda$andFinally$1(Filter.java:55)
	at org.openqa.selenium.devtools.idealized.Network.lambda$prepareToInterceptTraffic$4(Network.java:226)
	at org.openqa.selenium.devtools.Connection.lambda$handle$4(Connection.java:321)
	at java.base/java.util.stream.ForEachOps$ForEachOp$OfRef.accept(ForEachOps.java:183)
	at java.base/java.util.stream.ReferencePipeline$2$1.accept(ReferencePipeline.java:177)
	at java.base/java.util.stream.ReferencePipeline$11$1.accept(ReferencePipeline.java:442)
	at java.base/java.util.HashMap$KeySpliterator.forEachRemaining(HashMap.java:1621)
	at java.base/java.util.stream.AbstractPipeline.copyInto(AbstractPipeline.java:484)
	at java.base/java.util.stream.AbstractPipeline.wrapAndCopyInto(AbstractPipeline.java:474)
	at java.base/java.util.stream.ForEachOps$ForEachOp.evaluateSequential(ForEachOps.java:150)
	at java.base/java.util.stream.ForEachOps$ForEachOp$OfRef.evaluateSequential(ForEachOps.java:173)
	at java.base/java.util.stream.AbstractPipeline.evaluate(AbstractPipeline.java:234)
	at java.base/java.util.stream.ReferencePipeline.forEach(ReferencePipeline.java:497)
	at org.openqa.selenium.devtools.Connection.handle(Connection.java:287)
	at org.openqa.selenium.devtools.Connection.access$200(Connection.java:57)
	at org.openqa.selenium.devtools.Connection$Listener.lambda$onText$0(Connection.java:224)
	at java.base/java.util.concurrent.ThreadPoolExecutor.runWorker(ThreadPoolExecutor.java:1128)
	at java.base/java.util.concurrent.ThreadPoolExecutor$Worker.run(ThreadPoolExecutor.java:628)
	at java.base/java.lang.Thread.run(Thread.java:829)
Caused by: org.openqa.selenium.WebDriverException: {"id":87,"error":{"code":-32602,"message":"Invalid InterceptionId."},"sessionId":"DE0FC4E54FC4144F43A64EB9DE7E4462"}
Build info: version: '4.11.0', revision: '040bc5406b'
System info: os.name: 'Windows 10', os.arch: 'amd64', os.version: '10.0', java.version: '11.0.19'
Driver info: driver.version: unknown
	at org.openqa.selenium.devtools.Connection.handle(Connection.java:260)
	... 5 more

Exception in thread "CDP Connection" org.openqa.selenium.devtools.DevToolsException: {"id":87,"error":{"code":-32602,"message":"Invalid InterceptionId."},"sessionId":"DE0FC4E54FC4144F43A64EB9DE7E4462"}
Build info: version: '4.11.0', revision: '040bc5406b'
System info: os.name: 'Windows 10', os.arch: 'amd64', os.version: '10.0', java.version: '11.0.19'
Driver info: driver.version: unknown
	at org.openqa.selenium.devtools.Connection$Listener.lambda$onText$0(Connection.java:227)
	at java.base/java.util.concurrent.ThreadPoolExecutor.runWorker(ThreadPoolExecutor.java:1128)
	at java.base/java.util.concurrent.ThreadPoolExecutor$Worker.run(ThreadPoolExecutor.java:628)
	at java.base/java.lang.Thread.run(Thread.java:829)
Caused by: org.openqa.selenium.devtools.DevToolsException: {"id":87,"error":{"code":-32602,"message":"Invalid InterceptionId."},"sessionId":"DE0FC4E54FC4144F43A64EB9DE7E4462"}
Build info: version: '4.11.0', revision: '040bc5406b'
System info: os.name: 'Windows 10', os.arch: 'amd64', os.version: '10.0', java.version: '11.0.19'
Driver info: driver.version: unknown
	at org.openqa.selenium.devtools.Connection.sendAndWait(Connection.java:181)
	at org.openqa.selenium.devtools.DevTools.send(DevTools.java:81)
	at org.openqa.selenium.devtools.idealized.Network.lambda$prepareToInterceptTraffic$3(Network.java:211)
	at org.openqa.selenium.remote.http.Filter.lambda$andFinally$1(Filter.java:55)
	at org.openqa.selenium.devtools.idealized.Network.lambda$prepareToInterceptTraffic$4(Network.java:226)
	at org.openqa.selenium.devtools.Connection.lambda$handle$4(Connection.java:321)
	at java.base/java.util.stream.ForEachOps$ForEachOp$OfRef.accept(ForEachOps.java:183)
	at java.base/java.util.stream.ReferencePipeline$2$1.accept(ReferencePipeline.java:177)
	at java.base/java.util.stream.ReferencePipeline$11$1.accept(ReferencePipeline.java:442)
	at java.base/java.util.HashMap$KeySpliterator.forEachRemaining(HashMap.java:1621)
	at java.base/java.util.stream.AbstractPipeline.copyInto(AbstractPipeline.java:484)
	at java.base/java.util.stream.AbstractPipeline.wrapAndCopyInto(AbstractPipeline.java:474)
	at java.base/java.util.stream.ForEachOps$ForEachOp.evaluateSequential(ForEachOps.java:150)
	at java.base/java.util.stream.ForEachOps$ForEachOp$OfRef.evaluateSequential(ForEachOps.java:173)
	at java.base/java.util.stream.AbstractPipeline.evaluate(AbstractPipeline.java:234)
	at java.base/java.util.stream.ReferencePipeline.forEach(ReferencePipeline.java:497)
	at org.openqa.selenium.devtools.Connection.handle(Connection.java:287)
	at org.openqa.selenium.devtools.Connection.access$200(Connection.java:57)
	at org.openqa.selenium.devtools.Connection$Listener.lambda$onText$0(Connection.java:224)
	... 3 more
Caused by: org.openqa.selenium.WebDriverException: {"id":87,"error":{"code":-32602,"message":"Invalid InterceptionId."},"sessionId":"DE0FC4E54FC4144F43A64EB9DE7E4462"}
Build info: version: '4.11.0', revision: '040bc5406b'
System info: os.name: 'Windows 10', os.arch: 'amd64', os.version: '10.0', java.version: '11.0.19'
Driver info: driver.version: unknown
	at org.openqa.selenium.devtools.Connection.handle(Connection.java:260)
	... 5 more
авг. 23, 2023 12:29:50 PM org.openqa.selenium.devtools.Connection$Listener lambda$onText$0
WARNING: Unable to process: {"method":"Fetch.requestPaused","params":{"requestId":"interception-job-22.0","request":{"url":"http://localhost:9999/static/js/2.6a28a9b7.chunk.js","method":"GET","headers":{"Accept":"*/*","Referer":"http://localhost:9999/","User-Agent":"Mozilla/5.0 (Windows NT 10.0; Win64; x64) AppleWebKit/537.36 (KHTML, like Gecko) Chrome/116.0.0.0 Safari/537.36","sec-ch-ua":"\"Chromium\";v=\"116\", \"Not)A;Brand\";v=\"24\", \"Google Chrome\";v=\"116\"","sec-ch-ua-mobile":"?0","sec-ch-ua-platform":"\"Windows\""},"initialPriority":"High","referrerPolicy":"unsafe-url"},"frameId":"FB64E9B96A857E3326D6D7FD76C98356","resourceType":"Script","responseStatusCode":200,"responseStatusText":"OK","responseHeaders":[{"name":"Content-Length","value":"258035"},{"name":"Content-Type","value":"application/javascript"},{"name":"Connection","value":"keep-alive"}]},"sessionId":"DE0FC4E54FC4144F43A64EB9DE7E4462"}
org.openqa.selenium.devtools.DevToolsException: {"id":89,"error":{"code":-32602,"message":"Invalid InterceptionId."},"sessionId":"DE0FC4E54FC4144F43A64EB9DE7E4462"}
Build info: version: '4.11.0', revision: '040bc5406b'
System info: os.name: 'Windows 10', os.arch: 'amd64', os.version: '10.0', java.version: '11.0.19'
Driver info: driver.version: unknown
	at org.openqa.selenium.devtools.Connection.sendAndWait(Connection.java:181)
	at org.openqa.selenium.devtools.DevTools.send(DevTools.java:81)
	at org.openqa.selenium.devtools.idealized.Network.lambda$prepareToInterceptTraffic$4(Network.java:194)
	at org.openqa.selenium.devtools.Connection.lambda$handle$4(Connection.java:321)
	at java.base/java.util.stream.ForEachOps$ForEachOp$OfRef.accept(ForEachOps.java:183)
	at java.base/java.util.stream.ReferencePipeline$2$1.accept(ReferencePipeline.java:177)
	at java.base/java.util.stream.ReferencePipeline$11$1.accept(ReferencePipeline.java:442)
	at java.base/java.util.HashMap$KeySpliterator.forEachRemaining(HashMap.java:1621)
	at java.base/java.util.stream.AbstractPipeline.copyInto(AbstractPipeline.java:484)
	at java.base/java.util.stream.AbstractPipeline.wrapAndCopyInto(AbstractPipeline.java:474)
	at java.base/java.util.stream.ForEachOps$ForEachOp.evaluateSequential(ForEachOps.java:150)
	at java.base/java.util.stream.ForEachOps$ForEachOp$OfRef.evaluateSequential(ForEachOps.java:173)
	at java.base/java.util.stream.AbstractPipeline.evaluate(AbstractPipeline.java:234)
	at java.base/java.util.stream.ReferencePipeline.forEach(ReferencePipeline.java:497)
	at org.openqa.selenium.devtools.Connection.handle(Connection.java:287)
	at org.openqa.selenium.devtools.Connection.access$200(Connection.java:57)
	at org.openqa.selenium.devtools.Connection$Listener.lambda$onText$0(Connection.java:224)
	at java.base/java.util.concurrent.ThreadPoolExecutor.runWorker(ThreadPoolExecutor.java:1128)
	at java.base/java.util.concurrent.ThreadPoolExecutor$Worker.run(ThreadPoolExecutor.java:628)
	at java.base/java.lang.Thread.run(Thread.java:829)
Caused by: org.openqa.selenium.WebDriverException: {"id":89,"error":{"code":-32602,"message":"Invalid InterceptionId."},"sessionId":"DE0FC4E54FC4144F43A64EB9DE7E4462"}
Build info: version: '4.11.0', revision: '040bc5406b'
System info: os.name: 'Windows 10', os.arch: 'amd64', os.version: '10.0', java.version: '11.0.19'
Driver info: driver.version: unknown
	at org.openqa.selenium.devtools.Connection.handle(Connection.java:260)
	... 5 more

Exception in thread "CDP Connection" org.openqa.selenium.devtools.DevToolsException: {"id":89,"error":{"code":-32602,"message":"Invalid InterceptionId."},"sessionId":"DE0FC4E54FC4144F43A64EB9DE7E4462"}
Build info: version: '4.11.0', revision: '040bc5406b'
System info: os.name: 'Windows 10', os.arch: 'amd64', os.version: '10.0', java.version: '11.0.19'
Driver info: driver.version: unknown
	at org.openqa.selenium.devtools.Connection$Listener.lambda$onText$0(Connection.java:227)
	at java.base/java.util.concurrent.ThreadPoolExecutor.runWorker(ThreadPoolExecutor.java:1128)
	at java.base/java.util.concurrent.ThreadPoolExecutor$Worker.run(ThreadPoolExecutor.java:628)
	at java.base/java.lang.Thread.run(Thread.java:829)
Caused by: org.openqa.selenium.devtools.DevToolsException: {"id":89,"error":{"code":-32602,"message":"Invalid InterceptionId."},"sessionId":"DE0FC4E54FC4144F43A64EB9DE7E4462"}
Build info: version: '4.11.0', revision: '040bc5406b'
System info: os.name: 'Windows 10', os.arch: 'amd64', os.version: '10.0', java.version: '11.0.19'
Driver info: driver.version: unknown
	at org.openqa.selenium.devtools.Connection.sendAndWait(Connection.java:181)
	at org.openqa.selenium.devtools.DevTools.send(DevTools.java:81)
	at org.openqa.selenium.devtools.idealized.Network.lambda$prepareToInterceptTraffic$4(Network.java:194)
	at org.openqa.selenium.devtools.Connection.lambda$handle$4(Connection.java:321)
	at java.base/java.util.stream.ForEachOps$ForEachOp$OfRef.accept(ForEachOps.java:183)
	at java.base/java.util.stream.ReferencePipeline$2$1.accept(ReferencePipeline.java:177)
	at java.base/java.util.stream.ReferencePipeline$11$1.accept(ReferencePipeline.java:442)
	at java.base/java.util.HashMap$KeySpliterator.forEachRemaining(HashMap.java:1621)
	at java.base/java.util.stream.AbstractPipeline.copyInto(AbstractPipeline.java:484)
	at java.base/java.util.stream.AbstractPipeline.wrapAndCopyInto(AbstractPipeline.java:474)
	at java.base/java.util.stream.ForEachOps$ForEachOp.evaluateSequential(ForEachOps.java:150)
	at java.base/java.util.stream.ForEachOps$ForEachOp$OfRef.evaluateSequential(ForEachOps.java:173)
	at java.base/java.util.stream.AbstractPipeline.evaluate(AbstractPipeline.java:234)
	at java.base/java.util.stream.ReferencePipeline.forEach(ReferencePipeline.java:497)
	at org.openqa.selenium.devtools.Connection.handle(Connection.java:287)
	at org.openqa.selenium.devtools.Connection.access$200(Connection.java:57)
	at org.openqa.selenium.devtools.Connection$Listener.lambda$onText$0(Connection.java:224)
	... 3 more
Caused by: org.openqa.selenium.WebDriverException: {"id":89,"error":{"code":-32602,"message":"Invalid InterceptionId."},"sessionId":"DE0FC4E54FC4144F43A64EB9DE7E4462"}
Build info: version: '4.11.0', revision: '040bc5406b'
System info: os.name: 'Windows 10', os.arch: 'amd64', os.version: '10.0', java.version: '11.0.19'
Driver info: driver.version: unknown
	at org.openqa.selenium.devtools.Connection.handle(Connection.java:260)
	... 5 more
авг. 23, 2023 12:29:50 PM org.openqa.selenium.devtools.Connection$Listener lambda$onText$0
WARNING: Unable to process: {"method":"Fetch.requestPaused","params":{"requestId":"interception-job-22.0","request":{"url":"http://localhost:9999/static/js/2.6a28a9b7.chunk.js","method":"GET","headers":{"Accept":"*/*","Referer":"http://localhost:9999/","User-Agent":"Mozilla/5.0 (Windows NT 10.0; Win64; x64) AppleWebKit/537.36 (KHTML, like Gecko) Chrome/116.0.0.0 Safari/537.36","sec-ch-ua":"\"Chromium\";v=\"116\", \"Not)A;Brand\";v=\"24\", \"Google Chrome\";v=\"116\"","sec-ch-ua-mobile":"?0","sec-ch-ua-platform":"\"Windows\""},"initialPriority":"High","referrerPolicy":"strict-origin-when-cross-origin"},"frameId":"FB64E9B96A857E3326D6D7FD76C98356","resourceType":"Script"},"sessionId":"DE0FC4E54FC4144F43A64EB9DE7E4462"}
org.openqa.selenium.devtools.DevToolsException: {"id":90,"error":{"code":-32602,"message":"Invalid InterceptionId."},"sessionId":"DE0FC4E54FC4144F43A64EB9DE7E4462"}
Build info: version: '4.11.0', revision: '040bc5406b'
System info: os.name: 'Windows 10', os.arch: 'amd64', os.version: '10.0', java.version: '11.0.19'
Driver info: driver.version: unknown
	at org.openqa.selenium.devtools.Connection.sendAndWait(Connection.java:181)
	at org.openqa.selenium.devtools.DevTools.send(DevTools.java:81)
	at org.openqa.selenium.devtools.idealized.Network.lambda$prepareToInterceptTraffic$3(Network.java:211)
	at org.openqa.selenium.remote.http.Filter.lambda$andFinally$1(Filter.java:55)
	at org.openqa.selenium.devtools.idealized.Network.lambda$prepareToInterceptTraffic$4(Network.java:226)
	at org.openqa.selenium.devtools.Connection.lambda$handle$4(Connection.java:321)
	at java.base/java.util.stream.ForEachOps$ForEachOp$OfRef.accept(ForEachOps.java:183)
	at java.base/java.util.stream.ReferencePipeline$2$1.accept(ReferencePipeline.java:177)
	at java.base/java.util.stream.ReferencePipeline$11$1.accept(ReferencePipeline.java:442)
	at java.base/java.util.HashMap$KeySpliterator.forEachRemaining(HashMap.java:1621)
	at java.base/java.util.stream.AbstractPipeline.copyInto(AbstractPipeline.java:484)
	at java.base/java.util.stream.AbstractPipeline.wrapAndCopyInto(AbstractPipeline.java:474)
	at java.base/java.util.stream.ForEachOps$ForEachOp.evaluateSequential(ForEachOps.java:150)
	at java.base/java.util.stream.ForEachOps$ForEachOp$OfRef.evaluateSequential(ForEachOps.java:173)
	at java.base/java.util.stream.AbstractPipeline.evaluate(AbstractPipeline.java:234)
	at java.base/java.util.stream.ReferencePipeline.forEach(ReferencePipeline.java:497)
	at org.openqa.selenium.devtools.Connection.handle(Connection.java:287)
	at org.openqa.selenium.devtools.Connection.access$200(Connection.java:57)
	at org.openqa.selenium.devtools.Connection$Listener.lambda$onText$0(Connection.java:224)
	at java.base/java.util.concurrent.ThreadPoolExecutor.runWorker(ThreadPoolExecutor.java:1128)
	at java.base/java.util.concurrent.ThreadPoolExecutor$Worker.run(ThreadPoolExecutor.java:628)
	at java.base/java.lang.Thread.run(Thread.java:829)
Caused by: org.openqa.selenium.WebDriverException: {"id":90,"error":{"code":-32602,"message":"Invalid InterceptionId."},"sessionId":"DE0FC4E54FC4144F43A64EB9DE7E4462"}
Build info: version: '4.11.0', revision: '040bc5406b'
System info: os.name: 'Windows 10', os.arch: 'amd64', os.version: '10.0', java.version: '11.0.19'
Driver info: driver.version: unknown
	at org.openqa.selenium.devtools.Connection.handle(Connection.java:260)
	... 5 more

Exception in thread "CDP Connection" org.openqa.selenium.devtools.DevToolsException: {"id":90,"error":{"code":-32602,"message":"Invalid InterceptionId."},"sessionId":"DE0FC4E54FC4144F43A64EB9DE7E4462"}
Build info: version: '4.11.0', revision: '040bc5406b'
System info: os.name: 'Windows 10', os.arch: 'amd64', os.version: '10.0', java.version: '11.0.19'
Driver info: driver.version: unknown
	at org.openqa.selenium.devtools.Connection$Listener.lambda$onText$0(Connection.java:227)
	at java.base/java.util.concurrent.ThreadPoolExecutor.runWorker(ThreadPoolExecutor.java:1128)
	at java.base/java.util.concurrent.ThreadPoolExecutor$Worker.run(ThreadPoolExecutor.java:628)
	at java.base/java.lang.Thread.run(Thread.java:829)
Caused by: org.openqa.selenium.devtools.DevToolsException: {"id":90,"error":{"code":-32602,"message":"Invalid InterceptionId."},"sessionId":"DE0FC4E54FC4144F43A64EB9DE7E4462"}
Build info: version: '4.11.0', revision: '040bc5406b'
System info: os.name: 'Windows 10', os.arch: 'amd64', os.version: '10.0', java.version: '11.0.19'
Driver info: driver.version: unknown
	at org.openqa.selenium.devtools.Connection.sendAndWait(Connection.java:181)
	at org.openqa.selenium.devtools.DevTools.send(DevTools.java:81)
	at org.openqa.selenium.devtools.idealized.Network.lambda$prepareToInterceptTraffic$3(Network.java:211)
	at org.openqa.selenium.remote.http.Filter.lambda$andFinally$1(Filter.java:55)
	at org.openqa.selenium.devtools.idealized.Network.lambda$prepareToInterceptTraffic$4(Network.java:226)
	at org.openqa.selenium.devtools.Connection.lambda$handle$4(Connection.java:321)
	at java.base/java.util.stream.ForEachOps$ForEachOp$OfRef.accept(ForEachOps.java:183)
	at java.base/java.util.stream.ReferencePipeline$2$1.accept(ReferencePipeline.java:177)
	at java.base/java.util.stream.ReferencePipeline$11$1.accept(ReferencePipeline.java:442)
	at java.base/java.util.HashMap$KeySpliterator.forEachRemaining(HashMap.java:1621)
	at java.base/java.util.stream.AbstractPipeline.copyInto(AbstractPipeline.java:484)
	at java.base/java.util.stream.AbstractPipeline.wrapAndCopyInto(AbstractPipeline.java:474)
	at java.base/java.util.stream.ForEachOps$ForEachOp.evaluateSequential(ForEachOps.java:150)
	at java.base/java.util.stream.ForEachOps$ForEachOp$OfRef.evaluateSequential(ForEachOps.java:173)
	at java.base/java.util.stream.AbstractPipeline.evaluate(AbstractPipeline.java:234)
	at java.base/java.util.stream.ReferencePipeline.forEach(ReferencePipeline.java:497)
	at org.openqa.selenium.devtools.Connection.handle(Connection.java:287)
	at org.openqa.selenium.devtools.Connection.access$200(Connection.java:57)
	at org.openqa.selenium.devtools.Connection$Listener.lambda$onText$0(Connection.java:224)
	... 3 more
Caused by: org.openqa.selenium.WebDriverException: {"id":90,"error":{"code":-32602,"message":"Invalid InterceptionId."},"sessionId":"DE0FC4E54FC4144F43A64EB9DE7E4462"}
Build info: version: '4.11.0', revision: '040bc5406b'
System info: os.name: 'Windows 10', os.arch: 'amd64', os.version: '10.0', java.version: '11.0.19'
Driver info: driver.version: unknown
	at org.openqa.selenium.devtools.Connection.handle(Connection.java:260)
	... 5 more
авг. 23, 2023 12:29:50 PM org.openqa.selenium.devtools.Connection$Listener lambda$onText$0
WARNING: Unable to process: {"method":"Fetch.requestPaused","params":{"requestId":"interception-job-26.0","request":{"url":"http://localhost:9999/static/media/icon_close_s_white.cd06f8fb.svg","method":"GET","headers":{"Accept":"image/avif,image/webp,image/apng,image/svg+xml,image/*,*/*;q=0.8","Referer":"http://localhost:9999/static/css/2.2f2cdd88.chunk.css","User-Agent":"Mozilla/5.0 (Windows NT 10.0; Win64; x64) AppleWebKit/537.36 (KHTML, like Gecko) Chrome/116.0.0.0 Safari/537.36","sec-ch-ua":"\"Chromium\";v=\"116\", \"Not)A;Brand\";v=\"24\", \"Google Chrome\";v=\"116\"","sec-ch-ua-mobile":"?0","sec-ch-ua-platform":"\"Windows\""},"initialPriority":"Low","referrerPolicy":"unsafe-url"},"frameId":"FB64E9B96A857E3326D6D7FD76C98356","resourceType":"Image","responseStatusCode":200,"responseStatusText":"OK","responseHeaders":[{"name":"Content-Length","value":"247"},{"name":"Content-Type","value":"image/svg+xml"},{"name":"Connection","value":"keep-alive"}]},"sessionId":"DE0FC4E54FC4144F43A64EB9DE7E4462"}
org.openqa.selenium.devtools.DevToolsException: {"id":99,"error":{"code":-32602,"message":"Invalid InterceptionId."},"sessionId":"DE0FC4E54FC4144F43A64EB9DE7E4462"}
Build info: version: '4.11.0', revision: '040bc5406b'
System info: os.name: 'Windows 10', os.arch: 'amd64', os.version: '10.0', java.version: '11.0.19'
Driver info: driver.version: unknown
	at org.openqa.selenium.devtools.Connection.sendAndWait(Connection.java:181)
	at org.openqa.selenium.devtools.DevTools.send(DevTools.java:81)
	at org.openqa.selenium.devtools.idealized.Network.lambda$prepareToInterceptTraffic$4(Network.java:194)
	at org.openqa.selenium.devtools.Connection.lambda$handle$4(Connection.java:321)
	at java.base/java.util.stream.ForEachOps$ForEachOp$OfRef.accept(ForEachOps.java:183)
	at java.base/java.util.stream.ReferencePipeline$2$1.accept(ReferencePipeline.java:177)
	at java.base/java.util.stream.ReferencePipeline$11$1.accept(ReferencePipeline.java:442)
	at java.base/java.util.HashMap$KeySpliterator.forEachRemaining(HashMap.java:1621)
	at java.base/java.util.stream.AbstractPipeline.copyInto(AbstractPipeline.java:484)
	at java.base/java.util.stream.AbstractPipeline.wrapAndCopyInto(AbstractPipeline.java:474)
	at java.base/java.util.stream.ForEachOps$ForEachOp.evaluateSequential(ForEachOps.java:150)
	at java.base/java.util.stream.ForEachOps$ForEachOp$OfRef.evaluateSequential(ForEachOps.java:173)
	at java.base/java.util.stream.AbstractPipeline.evaluate(AbstractPipeline.java:234)
	at java.base/java.util.stream.ReferencePipeline.forEach(ReferencePipeline.java:497)
	at org.openqa.selenium.devtools.Connection.handle(Connection.java:287)
	at org.openqa.selenium.devtools.Connection.access$200(Connection.java:57)
	at org.openqa.selenium.devtools.Connection$Listener.lambda$onText$0(Connection.java:224)
	at java.base/java.util.concurrent.ThreadPoolExecutor.runWorker(ThreadPoolExecutor.java:1128)
	at java.base/java.util.concurrent.ThreadPoolExecutor$Worker.run(ThreadPoolExecutor.java:628)
	at java.base/java.lang.Thread.run(Thread.java:829)
Caused by: org.openqa.selenium.WebDriverException: {"id":99,"error":{"code":-32602,"message":"Invalid InterceptionId."},"sessionId":"DE0FC4E54FC4144F43A64EB9DE7E4462"}
Build info: version: '4.11.0', revision: '040bc5406b'
System info: os.name: 'Windows 10', os.arch: 'amd64', os.version: '10.0', java.version: '11.0.19'
Driver info: driver.version: unknown
	at org.openqa.selenium.devtools.Connection.handle(Connection.java:260)
	... 5 more

Exception in thread "CDP Connection" org.openqa.selenium.devtools.DevToolsException: {"id":99,"error":{"code":-32602,"message":"Invalid InterceptionId."},"sessionId":"DE0FC4E54FC4144F43A64EB9DE7E4462"}
Build info: version: '4.11.0', revision: '040bc5406b'
System info: os.name: 'Windows 10', os.arch: 'amd64', os.version: '10.0', java.version: '11.0.19'
Driver info: driver.version: unknown
	at org.openqa.selenium.devtools.Connection$Listener.lambda$onText$0(Connection.java:227)
	at java.base/java.util.concurrent.ThreadPoolExecutor.runWorker(ThreadPoolExecutor.java:1128)
	at java.base/java.util.concurrent.ThreadPoolExecutor$Worker.run(ThreadPoolExecutor.java:628)
	at java.base/java.lang.Thread.run(Thread.java:829)
Caused by: org.openqa.selenium.devtools.DevToolsException: {"id":99,"error":{"code":-32602,"message":"Invalid InterceptionId."},"sessionId":"DE0FC4E54FC4144F43A64EB9DE7E4462"}
Build info: version: '4.11.0', revision: '040bc5406b'
System info: os.name: 'Windows 10', os.arch: 'amd64', os.version: '10.0', java.version: '11.0.19'
Driver info: driver.version: unknown
	at org.openqa.selenium.devtools.Connection.sendAndWait(Connection.java:181)
	at org.openqa.selenium.devtools.DevTools.send(DevTools.java:81)
	at org.openqa.selenium.devtools.idealized.Network.lambda$prepareToInterceptTraffic$4(Network.java:194)
	at org.openqa.selenium.devtools.Connection.lambda$handle$4(Connection.java:321)
	at java.base/java.util.stream.ForEachOps$ForEachOp$OfRef.accept(ForEachOps.java:183)
	at java.base/java.util.stream.ReferencePipeline$2$1.accept(ReferencePipeline.java:177)
	at java.base/java.util.stream.ReferencePipeline$11$1.accept(ReferencePipeline.java:442)
	at java.base/java.util.HashMap$KeySpliterator.forEachRemaining(HashMap.java:1621)
	at java.base/java.util.stream.AbstractPipeline.copyInto(AbstractPipeline.java:484)
	at java.base/java.util.stream.AbstractPipeline.wrapAndCopyInto(AbstractPipeline.java:474)
	at java.base/java.util.stream.ForEachOps$ForEachOp.evaluateSequential(ForEachOps.java:150)
	at java.base/java.util.stream.ForEachOps$ForEachOp$OfRef.evaluateSequential(ForEachOps.java:173)
	at java.base/java.util.stream.AbstractPipeline.evaluate(AbstractPipeline.java:234)
	at java.base/java.util.stream.ReferencePipeline.forEach(ReferencePipeline.java:497)
	at org.openqa.selenium.devtools.Connection.handle(Connection.java:287)
	at org.openqa.selenium.devtools.Connection.access$200(Connection.java:57)
	at org.openqa.selenium.devtools.Connection$Listener.lambda$onText$0(Connection.java:224)
	... 3 more
Caused by: org.openqa.selenium.WebDriverException: {"id":99,"error":{"code":-32602,"message":"Invalid InterceptionId."},"sessionId":"DE0FC4E54FC4144F43A64EB9DE7E4462"}
Build info: version: '4.11.0', revision: '040bc5406b'
System info: os.name: 'Windows 10', os.arch: 'amd64', os.version: '10.0', java.version: '11.0.19'
Driver info: driver.version: unknown
	at org.openqa.selenium.devtools.Connection.handle(Connection.java:260)
	... 5 more
авг. 23, 2023 12:29:50 PM org.openqa.selenium.devtools.Connection$Listener lambda$onText$0
WARNING: Unable to process: {"method":"Fetch.requestPaused","params":{"requestId":"interception-job-26.0","request":{"url":"http://localhost:9999/static/media/icon_close_s_white.cd06f8fb.svg","method":"GET","headers":{"Accept":"image/avif,image/webp,image/apng,image/svg+xml,image/*,*/*;q=0.8","Referer":"http://localhost:9999/static/css/2.2f2cdd88.chunk.css","User-Agent":"Mozilla/5.0 (Windows NT 10.0; Win64; x64) AppleWebKit/537.36 (KHTML, like Gecko) Chrome/116.0.0.0 Safari/537.36","sec-ch-ua":"\"Chromium\";v=\"116\", \"Not)A;Brand\";v=\"24\", \"Google Chrome\";v=\"116\"","sec-ch-ua-mobile":"?0","sec-ch-ua-platform":"\"Windows\""},"initialPriority":"Low","referrerPolicy":"strict-origin-when-cross-origin"},"frameId":"FB64E9B96A857E3326D6D7FD76C98356","resourceType":"Image"},"sessionId":"DE0FC4E54FC4144F43A64EB9DE7E4462"}
org.openqa.selenium.devtools.DevToolsException: {"id":100,"error":{"code":-32602,"message":"Invalid InterceptionId."},"sessionId":"DE0FC4E54FC4144F43A64EB9DE7E4462"}
Build info: version: '4.11.0', revision: '040bc5406b'
System info: os.name: 'Windows 10', os.arch: 'amd64', os.version: '10.0', java.version: '11.0.19'
Driver info: driver.version: unknown
	at org.openqa.selenium.devtools.Connection.sendAndWait(Connection.java:181)
	at org.openqa.selenium.devtools.DevTools.send(DevTools.java:81)
	at org.openqa.selenium.devtools.idealized.Network.lambda$prepareToInterceptTraffic$3(Network.java:211)
	at org.openqa.selenium.remote.http.Filter.lambda$andFinally$1(Filter.java:55)
	at org.openqa.selenium.devtools.idealized.Network.lambda$prepareToInterceptTraffic$4(Network.java:226)
	at org.openqa.selenium.devtools.Connection.lambda$handle$4(Connection.java:321)
	at java.base/java.util.stream.ForEachOps$ForEachOp$OfRef.accept(ForEachOps.java:183)
	at java.base/java.util.stream.ReferencePipeline$2$1.accept(ReferencePipeline.java:177)
	at java.base/java.util.stream.ReferencePipeline$11$1.accept(ReferencePipeline.java:442)
	at java.base/java.util.HashMap$KeySpliterator.forEachRemaining(HashMap.java:1621)
	at java.base/java.util.stream.AbstractPipeline.copyInto(AbstractPipeline.java:484)
	at java.base/java.util.stream.AbstractPipeline.wrapAndCopyInto(AbstractPipeline.java:474)
	at java.base/java.util.stream.ForEachOps$ForEachOp.evaluateSequential(ForEachOps.java:150)
	at java.base/java.util.stream.ForEachOps$ForEachOp$OfRef.evaluateSequential(ForEachOps.java:173)
	at java.base/java.util.stream.AbstractPipeline.evaluate(AbstractPipeline.java:234)
	at java.base/java.util.stream.ReferencePipeline.forEach(ReferencePipeline.java:497)
	at org.openqa.selenium.devtools.Connection.handle(Connection.java:287)
	at org.openqa.selenium.devtools.Connection.access$200(Connection.java:57)
	at org.openqa.selenium.devtools.Connection$Listener.lambda$onText$0(Connection.java:224)
	at java.base/java.util.concurrent.ThreadPoolExecutor.runWorker(ThreadPoolExecutor.java:1128)
	at java.base/java.util.concurrent.ThreadPoolExecutor$Worker.run(ThreadPoolExecutor.java:628)
	at java.base/java.lang.Thread.run(Thread.java:829)
Caused by: org.openqa.selenium.WebDriverException: {"id":100,"error":{"code":-32602,"message":"Invalid InterceptionId."},"sessionId":"DE0FC4E54FC4144F43A64EB9DE7E4462"}
Build info: version: '4.11.0', revision: '040bc5406b'
System info: os.name: 'Windows 10', os.arch: 'amd64', os.version: '10.0', java.version: '11.0.19'
Driver info: driver.version: unknown
	at org.openqa.selenium.devtools.Connection.handle(Connection.java:260)
	... 5 more

Exception in thread "CDP Connection" org.openqa.selenium.devtools.DevToolsException: {"id":100,"error":{"code":-32602,"message":"Invalid InterceptionId."},"sessionId":"DE0FC4E54FC4144F43A64EB9DE7E4462"}
Build info: version: '4.11.0', revision: '040bc5406b'
System info: os.name: 'Windows 10', os.arch: 'amd64', os.version: '10.0', java.version: '11.0.19'
Driver info: driver.version: unknown
	at org.openqa.selenium.devtools.Connection$Listener.lambda$onText$0(Connection.java:227)
	at java.base/java.util.concurrent.ThreadPoolExecutor.runWorker(ThreadPoolExecutor.java:1128)
	at java.base/java.util.concurrent.ThreadPoolExecutor$Worker.run(ThreadPoolExecutor.java:628)
	at java.base/java.lang.Thread.run(Thread.java:829)
Caused by: org.openqa.selenium.devtools.DevToolsException: {"id":100,"error":{"code":-32602,"message":"Invalid InterceptionId."},"sessionId":"DE0FC4E54FC4144F43A64EB9DE7E4462"}
[...]
Build info: version: '4.11.0', revision: '040bc5406b'
System info: os.name: 'Windows 10', os.arch: 'amd64', os.version: '10.0', java.version: '11.0.19'
Driver info: driver.version: unknown
	at org.openqa.selenium.devtools.Connection.handle(Connection.java:260)
	... 5 more

Exception in thread "CDP Connection" org.openqa.selenium.devtools.DevToolsException: {"id":155,"error":{"code":-32602,"message":"Invalid InterceptionId."},"sessionId":"DE0FC4E54FC4144F43A64EB9DE7E4462"}
Build info: version: '4.11.0', revision: '040bc5406b'
System info: os.name: 'Windows 10', os.arch: 'amd64', os.version: '10.0', java.version: '11.0.19'
Driver info: driver.version: unknown
	at org.openqa.selenium.devtools.Connection$Listener.lambda$onText$0(Connection.java:227)
	at java.base/java.util.concurrent.ThreadPoolExecutor.runWorker(ThreadPoolExecutor.java:1128)
	at java.base/java.util.concurrent.ThreadPoolExecutor$Worker.run(ThreadPoolExecutor.java:628)
	at java.base/java.lang.Thread.run(Thread.java:829)
Caused by: org.openqa.selenium.devtools.DevToolsException: {"id":155,"error":{"code":-32602,"message":"Invalid InterceptionId."},"sessionId":"DE0FC4E54FC4144F43A64EB9DE7E4462"}
Build info: version: '4.11.0', revision: '040bc5406b'
System info: os.name: 'Windows 10', os.arch: 'amd64', os.version: '10.0', java.version: '11.0.19'
Driver info: driver.version: unknown
	at org.openqa.selenium.devtools.Connection.sendAndWait(Connection.java:181)
	at org.openqa.selenium.devtools.DevTools.send(DevTools.java:81)
	at org.openqa.selenium.devtools.idealized.Network.lambda$prepareToInterceptTraffic$3(Network.java:211)
	at org.openqa.selenium.remote.http.Filter.lambda$andFinally$1(Filter.java:55)
	at org.openqa.selenium.devtools.idealized.Network.lambda$prepareToInterceptTraffic$4(Network.java:226)
	at org.openqa.selenium.devtools.Connection.lambda$handle$4(Connection.java:321)
	at java.base/java.util.stream.ForEachOps$ForEachOp$OfRef.accept(ForEachOps.java:183)
	at java.base/java.util.stream.ReferencePipeline$2$1.accept(ReferencePipeline.java:177)
	at java.base/java.util.stream.ReferencePipeline$11$1.accept(ReferencePipeline.java:442)
	at java.base/java.util.HashMap$KeySpliterator.forEachRemaining(HashMap.java:1621)
	at java.base/java.util.stream.AbstractPipeline.copyInto(AbstractPipeline.java:484)
	at java.base/java.util.stream.AbstractPipeline.wrapAndCopyInto(AbstractPipeline.java:474)
	at java.base/java.util.stream.ForEachOps$ForEachOp.evaluateSequential(ForEachOps.java:150)
	at java.base/java.util.stream.ForEachOps$ForEachOp$OfRef.evaluateSequential(ForEachOps.java:173)
	at java.base/java.util.stream.AbstractPipeline.evaluate(AbstractPipeline.java:234)
	at java.base/java.util.stream.ReferencePipeline.forEach(ReferencePipeline.java:497)
	at org.openqa.selenium.devtools.Connection.handle(Connection.java:287)
	at org.openqa.selenium.devtools.Connection.access$200(Connection.java:57)
	at org.openqa.selenium.devtools.Connection$Listener.lambda$onText$0(Connection.java:224)
	... 3 more
Caused by: org.openqa.selenium.WebDriverException: {"id":155,"error":{"code":-32602,"message":"Invalid InterceptionId."},"sessionId":"DE0FC4E54FC4144F43A64EB9DE7E4462"}
Build info: version: '4.11.0', revision: '040bc5406b'
System info: os.name: 'Windows 10', os.arch: 'amd64', os.version: '10.0', java.version: '11.0.19'
Driver info: driver.version: unknown
	at org.openqa.selenium.devtools.Connection.handle(Connection.java:260)
	... 5 more
Exception in thread "CDP Connection" org.openqa.selenium.devtools.DevToolsException: {"id":154,"error":{"code":-32602,"message":"Invalid InterceptionId."},"sessionId":"DE0FC4E54FC4144F43A64EB9DE7E4462"}
Build info: version: '4.11.0', revision: '040bc5406b'
System info: os.name: 'Windows 10', os.arch: 'amd64', os.version: '10.0', java.version: '11.0.19'
Driver info: driver.version: unknown
	at org.openqa.selenium.devtools.Connection$Listener.lambda$onText$0(Connection.java:227)
	at java.base/java.util.concurrent.ThreadPoolExecutor.runWorker(ThreadPoolExecutor.java:1128)
	at java.base/java.util.concurrent.ThreadPoolExecutor$Worker.run(ThreadPoolExecutor.java:628)
	at java.base/java.lang.Thread.run(Thread.java:829)
Caused by: org.openqa.selenium.devtools.DevToolsException: {"id":154,"error":{"code":-32602,"message":"Invalid InterceptionId."},"sessionId":"DE0FC4E54FC4144F43A64EB9DE7E4462"}
Build info: version: '4.11.0', revision: '040bc5406b'
System info: os.name: 'Windows 10', os.arch: 'amd64', os.version: '10.0', java.version: '11.0.19'
Driver info: driver.version: unknown
	at org.openqa.selenium.devtools.Connection.sendAndWait(Connection.java:181)
	at org.openqa.selenium.devtools.DevTools.send(DevTools.java:81)
	at org.openqa.selenium.devtools.idealized.Network.lambda$prepareToInterceptTraffic$4(Network.java:194)
	at org.openqa.selenium.devtools.Connection.lambda$handle$4(Connection.java:321)
	at java.base/java.util.stream.ForEachOps$ForEachOp$OfRef.accept(ForEachOps.java:183)
	at java.base/java.util.stream.ReferencePipeline$2$1.accept(ReferencePipeline.java:177)
	at java.base/java.util.stream.ReferencePipeline$11$1.accept(ReferencePipeline.java:442)
	at java.base/java.util.HashMap$KeySpliterator.forEachRemaining(HashMap.java:1621)
	at java.base/java.util.stream.AbstractPipeline.copyInto(AbstractPipeline.java:484)
	at java.base/java.util.stream.AbstractPipeline.wrapAndCopyInto(AbstractPipeline.java:474)
	at java.base/java.util.stream.ForEachOps$ForEachOp.evaluateSequential(ForEachOps.java:150)
	at java.base/java.util.stream.ForEachOps$ForEachOp$OfRef.evaluateSequential(ForEachOps.java:173)
	at java.base/java.util.stream.AbstractPipeline.evaluate(AbstractPipeline.java:234)
	at java.base/java.util.stream.ReferencePipeline.forEach(ReferencePipeline.java:497)
	at org.openqa.selenium.devtools.Connection.handle(Connection.java:287)
	at org.openqa.selenium.devtools.Connection.access$200(Connection.java:57)
	at org.openqa.selenium.devtools.Connection$Listener.lambda$onText$0(Connection.java:224)
	... 3 more
Caused by: org.openqa.selenium.WebDriverException: {"id":154,"error":{"code":-32602,"message":"Invalid InterceptionId."},"sessionId":"DE0FC4E54FC4144F43A64EB9DE7E4462"}
Build info: version: '4.11.0', revision: '040bc5406b'
System info: os.name: 'Windows 10', os.arch: 'amd64', os.version: '10.0', java.version: '11.0.19'
Driver info: driver.version: unknown
	at org.openqa.selenium.devtools.Connection.handle(Connection.java:260)
	... 5 more
авг. 23, 2023 12:29:53 PM org.openqa.selenium.devtools.Connection$Listener lambda$onText$0
WARNING: Unable to process: {"method":"Fetch.requestPaused","params":{"requestId":"interception-job-35.0","request":{"url":"http://localhost:9999/api/cards","method":"GET","headers":{"Accept":"*/*","Authorization":"Bearer eyJ0eXAiOiJKV1QiLCJhbGciOiJIUzI1NiJ9.eyJsb2dpbiI6InZhc3lhIn0.JmhHh8NXwfqktXSFbzkPohUb90gnc3yZ9tiXa0uUpRY","Content-Type":"application/json","Referer":"http://localhost:9999/dashboard","User-Agent":"Mozilla/5.0 (Windows NT 10.0; Win64; x64) AppleWebKit/537.36 (KHTML, like Gecko) Chrome/116.0.0.0 Safari/537.36","sec-ch-ua":"\"Chromium\";v=\"116\", \"Not)A;Brand\";v=\"24\", \"Google Chrome\";v=\"116\"","sec-ch-ua-mobile":"?0","sec-ch-ua-platform":"\"Windows\""},"initialPriority":"High","referrerPolicy":"unsafe-url"},"frameId":"FB64E9B96A857E3326D6D7FD76C98356","resourceType":"XHR","responseStatusCode":200,"responseStatusText":"OK","responseHeaders":[{"name":"Content-Length","value":"241"},{"name":"Content-Type","value":"application/json; charset=UTF-8"},{"name":"Connection","value":"keep-alive"}]},"sessionId":"DE0FC4E54FC4144F43A64EB9DE7E4462"}
org.openqa.selenium.devtools.DevToolsException: {"id":160,"error":{"code":-32602,"message":"Invalid InterceptionId."},"sessionId":"DE0FC4E54FC4144F43A64EB9DE7E4462"}
Build info: version: '4.11.0', revision: '040bc5406b'
System info: os.name: 'Windows 10', os.arch: 'amd64', os.version: '10.0', java.version: '11.0.19'
Driver info: driver.version: unknown
	at org.openqa.selenium.devtools.Connection.sendAndWait(Connection.java:181)
	at org.openqa.selenium.devtools.DevTools.send(DevTools.java:81)
	at org.openqa.selenium.devtools.idealized.Network.lambda$prepareToInterceptTraffic$4(Network.java:194)
	at org.openqa.selenium.devtools.Connection.lambda$handle$4(Connection.java:321)
	at java.base/java.util.stream.ForEachOps$ForEachOp$OfRef.accept(ForEachOps.java:183)
	at java.base/java.util.stream.ReferencePipeline$2$1.accept(ReferencePipeline.java:177)
	at java.base/java.util.stream.ReferencePipeline$11$1.accept(ReferencePipeline.java:442)
	at java.base/java.util.HashMap$KeySpliterator.forEachRemaining(HashMap.java:1621)
	at java.base/java.util.stream.AbstractPipeline.copyInto(AbstractPipeline.java:484)
	at java.base/java.util.stream.AbstractPipeline.wrapAndCopyInto(AbstractPipeline.java:474)
	at java.base/java.util.stream.ForEachOps$ForEachOp.evaluateSequential(ForEachOps.java:150)
	at java.base/java.util.stream.ForEachOps$ForEachOp$OfRef.evaluateSequential(ForEachOps.java:173)
	at java.base/java.util.stream.AbstractPipeline.evaluate(AbstractPipeline.java:234)
	at java.base/java.util.stream.ReferencePipeline.forEach(ReferencePipeline.java:497)
	at org.openqa.selenium.devtools.Connection.handle(Connection.java:287)
	at org.openqa.selenium.devtools.Connection.access$200(Connection.java:57)
	at org.openqa.selenium.devtools.Connection$Listener.lambda$onText$0(Connection.java:224)
	at java.base/java.util.concurrent.ThreadPoolExecutor.runWorker(ThreadPoolExecutor.java:1128)
	at java.base/java.util.concurrent.ThreadPoolExecutor$Worker.run(ThreadPoolExecutor.java:628)
	at java.base/java.lang.Thread.run(Thread.java:829)
Caused by: org.openqa.selenium.WebDriverException: {"id":160,"error":{"code":-32602,"message":"Invalid InterceptionId."},"sessionId":"DE0FC4E54FC4144F43A64EB9DE7E4462"}
Build info: version: '4.11.0', revision: '040bc5406b'
System info: os.name: 'Windows 10', os.arch: 'amd64', os.version: '10.0', java.version: '11.0.19'
Driver info: driver.version: unknown
	at org.openqa.selenium.devtools.Connection.handle(Connection.java:260)
	... 5 more

Exception in thread "CDP Connection" org.openqa.selenium.devtools.DevToolsException: {"id":160,"error":{"code":-32602,"message":"Invalid InterceptionId."},"sessionId":"DE0FC4E54FC4144F43A64EB9DE7E4462"}
Build info: version: '4.11.0', revision: '040bc5406b'
System info: os.name: 'Windows 10', os.arch: 'amd64', os.version: '10.0', java.version: '11.0.19'
Driver info: driver.version: unknown
	at org.openqa.selenium.devtools.Connection$Listener.lambda$onText$0(Connection.java:227)
	at java.base/java.util.concurrent.ThreadPoolExecutor.runWorker(ThreadPoolExecutor.java:1128)
	at java.base/java.util.concurrent.ThreadPoolExecutor$Worker.run(ThreadPoolExecutor.java:628)
	at java.base/java.lang.Thread.run(Thread.java:829)
Caused by: org.openqa.selenium.devtools.DevToolsException: {"id":160,"error":{"code":-32602,"message":"Invalid InterceptionId."},"sessionId":"DE0FC4E54FC4144F43A64EB9DE7E4462"}
Build info: version: '4.11.0', revision: '040bc5406b'
System info: os.name: 'Windows 10', os.arch: 'amd64', os.version: '10.0', java.version: '11.0.19'
Driver info: driver.version: unknown
	at org.openqa.selenium.devtools.Connection.sendAndWait(Connection.java:181)
	at org.openqa.selenium.devtools.DevTools.send(DevTools.java:81)
	at org.openqa.selenium.devtools.idealized.Network.lambda$prepareToInterceptTraffic$4(Network.java:194)
	at org.openqa.selenium.devtools.Connection.lambda$handle$4(Connection.java:321)
	at java.base/java.util.stream.ForEachOps$ForEachOp$OfRef.accept(ForEachOps.java:183)
	at java.base/java.util.stream.ReferencePipeline$2$1.accept(ReferencePipeline.java:177)
	at java.base/java.util.stream.ReferencePipeline$11$1.accept(ReferencePipeline.java:442)
	at java.base/java.util.HashMap$KeySpliterator.forEachRemaining(HashMap.java:1621)
	at java.base/java.util.stream.AbstractPipeline.copyInto(AbstractPipeline.java:484)
	at java.base/java.util.stream.AbstractPipeline.wrapAndCopyInto(AbstractPipeline.java:474)
	at java.base/java.util.stream.ForEachOps$ForEachOp.evaluateSequential(ForEachOps.java:150)
	at java.base/java.util.stream.ForEachOps$ForEachOp$OfRef.evaluateSequential(ForEachOps.java:173)
	at java.base/java.util.stream.AbstractPipeline.evaluate(AbstractPipeline.java:234)
	at java.base/java.util.stream.ReferencePipeline.forEach(ReferencePipeline.java:497)
	at org.openqa.selenium.devtools.Connection.handle(Connection.java:287)
	at org.openqa.selenium.devtools.Connection.access$200(Connection.java:57)
	at org.openqa.selenium.devtools.Connection$Listener.lambda$onText$0(Connection.java:224)
	... 3 more
Caused by: org.openqa.selenium.WebDriverException: {"id":160,"error":{"code":-32602,"message":"Invalid InterceptionId."},"sessionId":"DE0FC4E54FC4144F43A64EB9DE7E4462"}
Build info: version: '4.11.0', revision: '040bc5406b'
System info: os.name: 'Windows 10', os.arch: 'amd64', os.version: '10.0', java.version: '11.0.19'
Driver info: driver.version: unknown
	at org.openqa.selenium.devtools.Connection.handle(Connection.java:260)
	... 5 more
авг. 23, 2023 12:29:53 PM org.openqa.selenium.devtools.Connection$Listener lambda$onText$0
WARNING: Unable to process: {"method":"Fetch.requestPaused","params":{"requestId":"interception-job-35.0","request":{"url":"http://localhost:9999/api/cards","method":"GET","headers":{"Accept":"*/*","Authorization":"Bearer eyJ0eXAiOiJKV1QiLCJhbGciOiJIUzI1NiJ9.eyJsb2dpbiI6InZhc3lhIn0.JmhHh8NXwfqktXSFbzkPohUb90gnc3yZ9tiXa0uUpRY","Content-Type":"application/json","Referer":"http://localhost:9999/dashboard","User-Agent":"Mozilla/5.0 (Windows NT 10.0; Win64; x64) AppleWebKit/537.36 (KHTML, like Gecko) Chrome/116.0.0.0 Safari/537.36","sec-ch-ua":"\"Chromium\";v=\"116\", \"Not)A;Brand\";v=\"24\", \"Google Chrome\";v=\"116\"","sec-ch-ua-mobile":"?0","sec-ch-ua-platform":"\"Windows\""},"initialPriority":"High","referrerPolicy":"strict-origin-when-cross-origin"},"frameId":"FB64E9B96A857E3326D6D7FD76C98356","resourceType":"XHR"},"sessionId":"DE0FC4E54FC4144F43A64EB9DE7E4462"}
org.openqa.selenium.devtools.DevToolsException: {"id":161,"error":{"code":-32602,"message":"Invalid InterceptionId."},"sessionId":"DE0FC4E54FC4144F43A64EB9DE7E4462"}
Build info: version: '4.11.0', revision: '040bc5406b'
System info: os.name: 'Windows 10', os.arch: 'amd64', os.version: '10.0', java.version: '11.0.19'
Driver info: driver.version: unknown
	at org.openqa.selenium.devtools.Connection.sendAndWait(Connection.java:181)
	at org.openqa.selenium.devtools.DevTools.send(DevTools.java:81)
	at org.openqa.selenium.devtools.idealized.Network.lambda$prepareToInterceptTraffic$3(Network.java:211)
	at org.openqa.selenium.remote.http.Filter.lambda$andFinally$1(Filter.java:55)
	at org.openqa.selenium.devtools.idealized.Network.lambda$prepareToInterceptTraffic$4(Network.java:226)
	at org.openqa.selenium.devtools.Connection.lambda$handle$4(Connection.java:321)
	at java.base/java.util.stream.ForEachOps$ForEachOp$OfRef.accept(ForEachOps.java:183)
	at java.base/java.util.stream.ReferencePipeline$2$1.accept(ReferencePipeline.java:177)
	at java.base/java.util.stream.ReferencePipeline$11$1.accept(ReferencePipeline.java:442)
	at java.base/java.util.HashMap$KeySpliterator.forEachRemaining(HashMap.java:1621)
	at java.base/java.util.stream.AbstractPipeline.copyInto(AbstractPipeline.java:484)
	at java.base/java.util.stream.AbstractPipeline.wrapAndCopyInto(AbstractPipeline.java:474)
	at java.base/java.util.stream.ForEachOps$ForEachOp.evaluateSequential(ForEachOps.java:150)
	at java.base/java.util.stream.ForEachOps$ForEachOp$OfRef.evaluateSequential(ForEachOps.java:173)
	at java.base/java.util.stream.AbstractPipeline.evaluate(AbstractPipeline.java:234)
	at java.base/java.util.stream.ReferencePipeline.forEach(ReferencePipeline.java:497)
	at org.openqa.selenium.devtools.Connection.handle(Connection.java:287)
	at org.openqa.selenium.devtools.Connection.access$200(Connection.java:57)
	at org.openqa.selenium.devtools.Connection$Listener.lambda$onText$0(Connection.java:224)
	at java.base/java.util.concurrent.ThreadPoolExecutor.runWorker(ThreadPoolExecutor.java:1128)
	at java.base/java.util.concurrent.ThreadPoolExecutor$Worker.run(ThreadPoolExecutor.java:628)
	at java.base/java.lang.Thread.run(Thread.java:829)
Caused by: org.openqa.selenium.WebDriverException: {"id":161,"error":{"code":-32602,"message":"Invalid InterceptionId."},"sessionId":"DE0FC4E54FC4144F43A64EB9DE7E4462"}
Build info: version: '4.11.0', revision: '040bc5406b'
System info: os.name: 'Windows 10', os.arch: 'amd64', os.version: '10.0', java.version: '11.0.19'
Driver info: driver.version: unknown
	at org.openqa.selenium.devtools.Connection.handle(Connection.java:260)
	... 5 more

Exception in thread "CDP Connection" org.openqa.selenium.devtools.DevToolsException: {"id":161,"error":{"code":-32602,"message":"Invalid InterceptionId."},"sessionId":"DE0FC4E54FC4144F43A64EB9DE7E4462"}
Build info: version: '4.11.0', revision: '040bc5406b'
System info: os.name: 'Windows 10', os.arch: 'amd64', os.version: '10.0', java.version: '11.0.19'
Driver info: driver.version: unknown
	at org.openqa.selenium.devtools.Connection$Listener.lambda$onText$0(Connection.java:227)
	at java.base/java.util.concurrent.ThreadPoolExecutor.runWorker(ThreadPoolExecutor.java:1128)
	at java.base/java.util.concurrent.ThreadPoolExecutor$Worker.run(ThreadPoolExecutor.java:628)
	at java.base/java.lang.Thread.run(Thread.java:829)
Caused by: org.openqa.selenium.devtools.DevToolsException: {"id":161,"error":{"code":-32602,"message":"Invalid InterceptionId."},"sessionId":"DE0FC4E54FC4144F43A64EB9DE7E4462"}
Build info: version: '4.11.0', revision: '040bc5406b'
System info: os.name: 'Windows 10', os.arch: 'amd64', os.version: '10.0', java.version: '11.0.19'
Driver info: driver.version: unknown
	at org.openqa.selenium.devtools.Connection.sendAndWait(Connection.java:181)
	at org.openqa.selenium.devtools.DevTools.send(DevTools.java:81)
	at org.openqa.selenium.devtools.idealized.Network.lambda$prepareToInterceptTraffic$3(Network.java:211)
	at org.openqa.selenium.remote.http.Filter.lambda$andFinally$1(Filter.java:55)
	at org.openqa.selenium.devtools.idealized.Network.lambda$prepareToInterceptTraffic$4(Network.java:226)
	at org.openqa.selenium.devtools.Connection.lambda$handle$4(Connection.java:321)
	at java.base/java.util.stream.ForEachOps$ForEachOp$OfRef.accept(ForEachOps.java:183)
	at java.base/java.util.stream.ReferencePipeline$2$1.accept(ReferencePipeline.java:177)
	at java.base/java.util.stream.ReferencePipeline$11$1.accept(ReferencePipeline.java:442)
	at java.base/java.util.HashMap$KeySpliterator.forEachRemaining(HashMap.java:1621)
	at java.base/java.util.stream.AbstractPipeline.copyInto(AbstractPipeline.java:484)
	at java.base/java.util.stream.AbstractPipeline.wrapAndCopyInto(AbstractPipeline.java:474)
	at java.base/java.util.stream.ForEachOps$ForEachOp.evaluateSequential(ForEachOps.java:150)
	at java.base/java.util.stream.ForEachOps$ForEachOp$OfRef.evaluateSequential(ForEachOps.java:173)
	at java.base/java.util.stream.AbstractPipeline.evaluate(AbstractPipeline.java:234)
	at java.base/java.util.stream.ReferencePipeline.forEach(ReferencePipeline.java:497)
	at org.openqa.selenium.devtools.Connection.handle(Connection.java:287)
	at org.openqa.selenium.devtools.Connection.access$200(Connection.java:57)
	at org.openqa.selenium.devtools.Connection$Listener.lambda$onText$0(Connection.java:224)
	... 3 more
Caused by: org.openqa.selenium.WebDriverException: {"id":161,"error":{"code":-32602,"message":"Invalid InterceptionId."},"sessionId":"DE0FC4E54FC4144F43A64EB9DE7E4462"}
Build info: version: '4.11.0', revision: '040bc5406b'
System info: os.name: 'Windows 10', os.arch: 'amd64', os.version: '10.0', java.version: '11.0.19'
Driver info: driver.version: unknown
	at org.openqa.selenium.devtools.Connection.handle(Connection.java:260)
	... 5 more
]]></system-err>
</testsuite>
